TN:
SF:src/sk8.ts
FN:8,(anonymous_0)
FN:8,(anonymous_1)
FN:12,(anonymous_2)
FN:12,(anonymous_3)
FN:12,(anonymous_4)
FN:16,(anonymous_5)
FN:17,(anonymous_6)
FN:17,(anonymous_7)
FN:17,(anonymous_8)
FN:17,(anonymous_9)
FN:17,(anonymous_10)
FN:21,(anonymous_11)
FN:22,(anonymous_12)
FN:23,(anonymous_13)
FN:24,(anonymous_14)
FN:25,(anonymous_15)
FN:26,(anonymous_16)
FN:31,(anonymous_17)
FN:33,(anonymous_18)
FN:34,(anonymous_19)
FN:35,(anonymous_20)
FN:37,(anonymous_21)
FN:38,(anonymous_22)
FN:40,(anonymous_23)
FN:42,(anonymous_24)
FN:43,(anonymous_25)
FN:44,(anonymous_26)
FN:48,(anonymous_27)
FN:50,(anonymous_28)
FN:51,(anonymous_29)
FN:53,(anonymous_30)
FN:55,(anonymous_31)
FN:59,(anonymous_32)
FN:59,(anonymous_33)
FN:60,(anonymous_34)
FN:60,(anonymous_35)
FN:60,(anonymous_36)
FN:61,(anonymous_37)
FN:61,(anonymous_38)
FN:61,(anonymous_39)
FN:61,(anonymous_40)
FN:64,(anonymous_41)
FN:69,(anonymous_42)
FN:70,(anonymous_43)
FN:71,(anonymous_44)
FN:72,(anonymous_45)
FN:73,(anonymous_46)
FN:74,(anonymous_47)
FN:75,(anonymous_48)
FN:76,(anonymous_49)
FN:84,(anonymous_50)
FN:86,(anonymous_51)
FN:88,(anonymous_52)
FN:91,(anonymous_53)
FN:92,(anonymous_54)
FN:93,(anonymous_55)
FN:94,(anonymous_56)
FN:95,(anonymous_57)
FN:96,(anonymous_58)
FN:97,(anonymous_59)
FN:101,(anonymous_60)
FN:101,(anonymous_61)
FN:101,(anonymous_62)
FN:101,(anonymous_63)
FN:106,(anonymous_64)
FN:107,(anonymous_65)
FN:108,(anonymous_66)
FN:109,(anonymous_67)
FN:110,(anonymous_68)
FN:111,(anonymous_69)
FN:115,(anonymous_70)
FN:115,(anonymous_71)
FN:115,(anonymous_72)
FN:119,(anonymous_73)
FN:123,(anonymous_74)
FN:124,(anonymous_75)
FN:125,(anonymous_76)
FN:126,(anonymous_77)
FN:127,(anonymous_78)
FN:128,(anonymous_79)
FN:129,(anonymous_80)
FN:130,(anonymous_81)
FN:131,(anonymous_82)
FN:137,(anonymous_83)
FN:138,(anonymous_84)
FN:139,(anonymous_85)
FN:140,(anonymous_86)
FN:141,(anonymous_87)
FN:142,(anonymous_88)
FN:143,(anonymous_89)
FN:144,(anonymous_90)
FN:145,(anonymous_91)
FN:146,(anonymous_92)
FN:147,(anonymous_93)
FN:148,(anonymous_94)
FN:149,(anonymous_95)
FN:150,(anonymous_96)
FN:151,(anonymous_97)
FN:152,(anonymous_98)
FN:161,(anonymous_99)
FN:161,(anonymous_100)
FN:161,(anonymous_101)
FN:162,(anonymous_102)
FN:162,(anonymous_103)
FN:162,(anonymous_104)
FN:162,(anonymous_105)
FN:163,(anonymous_106)
FN:163,(anonymous_107)
FN:163,(anonymous_108)
FN:165,(anonymous_109)
FN:166,(anonymous_110)
FN:167,(anonymous_111)
FN:168,(anonymous_112)
FN:169,(anonymous_113)
FN:170,(anonymous_114)
FN:171,(anonymous_115)
FN:172,(anonymous_116)
FN:173,(anonymous_117)
FN:174,(anonymous_118)
FN:175,(anonymous_119)
FN:176,(anonymous_120)
FN:177,(anonymous_121)
FN:178,(anonymous_122)
FN:179,(anonymous_123)
FN:180,(anonymous_124)
FN:181,(anonymous_125)
FN:194,(anonymous_126)
FN:194,(anonymous_127)
FN:194,(anonymous_128)
FN:204,(anonymous_129)
FN:205,(anonymous_130)
FN:206,(anonymous_131)
FN:207,(anonymous_132)
FN:208,(anonymous_133)
FN:209,(anonymous_134)
FN:210,(anonymous_135)
FN:211,(anonymous_136)
FN:212,(anonymous_137)
FN:215,(anonymous_138)
FN:216,(anonymous_139)
FN:217,(anonymous_140)
FN:218,(anonymous_141)
FN:219,(anonymous_142)
FN:220,(anonymous_143)
FN:224,(anonymous_144)
FN:225,(anonymous_145)
FN:226,(anonymous_146)
FN:237,(anonymous_147)
FN:238,(anonymous_148)
FN:239,(anonymous_149)
FN:240,(anonymous_150)
FN:249,(anonymous_151)
FN:250,(anonymous_152)
FN:251,(anonymous_153)
FN:252,(anonymous_154)
FN:258,(anonymous_155)
FN:259,(anonymous_156)
FN:260,(anonymous_157)
FN:261,(anonymous_158)
FN:262,(anonymous_159)
FN:263,(anonymous_160)
FN:264,(anonymous_161)
FN:265,(anonymous_162)
FN:266,(anonymous_163)
FN:267,(anonymous_164)
FN:268,(anonymous_165)
FN:269,(anonymous_166)
FN:270,(anonymous_167)
FN:271,(anonymous_168)
FN:272,(anonymous_169)
FN:273,(anonymous_170)
FN:274,(anonymous_171)
FN:284,(anonymous_172)
FN:285,(anonymous_173)
FN:286,(anonymous_174)
FN:296,(anonymous_175)
FN:297,(anonymous_176)
FN:298,(anonymous_177)
FN:299,(anonymous_178)
FN:300,(anonymous_179)
FN:301,(anonymous_180)
FN:302,(anonymous_181)
FN:312,(anonymous_182)
FN:315,(anonymous_183)
FN:318,(anonymous_184)
FN:321,(anonymous_185)
FN:330,createStage
FN:337,createEvaluator
FN:346,evaluateScript
FN:356,info
FNF:190
FNH:0
FNDA:0,(anonymous_0)
FNDA:0,(anonymous_1)
FNDA:0,(anonymous_2)
FNDA:0,(anonymous_3)
FNDA:0,(anonymous_4)
FNDA:0,(anonymous_5)
FNDA:0,(anonymous_6)
FNDA:0,(anonymous_7)
FNDA:0,(anonymous_8)
FNDA:0,(anonymous_9)
FNDA:0,(anonymous_10)
FNDA:0,(anonymous_11)
FNDA:0,(anonymous_12)
FNDA:0,(anonymous_13)
FNDA:0,(anonymous_14)
FNDA:0,(anonymous_15)
FNDA:0,(anonymous_16)
FNDA:0,(anonymous_17)
FNDA:0,(anonymous_18)
FNDA:0,(anonymous_19)
FNDA:0,(anonymous_20)
FNDA:0,(anonymous_21)
FNDA:0,(anonymous_22)
FNDA:0,(anonymous_23)
FNDA:0,(anonymous_24)
FNDA:0,(anonymous_25)
FNDA:0,(anonymous_26)
FNDA:0,(anonymous_27)
FNDA:0,(anonymous_28)
FNDA:0,(anonymous_29)
FNDA:0,(anonymous_30)
FNDA:0,(anonymous_31)
FNDA:0,(anonymous_32)
FNDA:0,(anonymous_33)
FNDA:0,(anonymous_34)
FNDA:0,(anonymous_35)
FNDA:0,(anonymous_36)
FNDA:0,(anonymous_37)
FNDA:0,(anonymous_38)
FNDA:0,(anonymous_39)
FNDA:0,(anonymous_40)
FNDA:0,(anonymous_41)
FNDA:0,(anonymous_42)
FNDA:0,(anonymous_43)
FNDA:0,(anonymous_44)
FNDA:0,(anonymous_45)
FNDA:0,(anonymous_46)
FNDA:0,(anonymous_47)
FNDA:0,(anonymous_48)
FNDA:0,(anonymous_49)
FNDA:0,(anonymous_50)
FNDA:0,(anonymous_51)
FNDA:0,(anonymous_52)
FNDA:0,(anonymous_53)
FNDA:0,(anonymous_54)
FNDA:0,(anonymous_55)
FNDA:0,(anonymous_56)
FNDA:0,(anonymous_57)
FNDA:0,(anonymous_58)
FNDA:0,(anonymous_59)
FNDA:0,(anonymous_60)
FNDA:0,(anonymous_61)
FNDA:0,(anonymous_62)
FNDA:0,(anonymous_63)
FNDA:0,(anonymous_64)
FNDA:0,(anonymous_65)
FNDA:0,(anonymous_66)
FNDA:0,(anonymous_67)
FNDA:0,(anonymous_68)
FNDA:0,(anonymous_69)
FNDA:0,(anonymous_70)
FNDA:0,(anonymous_71)
FNDA:0,(anonymous_72)
FNDA:0,(anonymous_73)
FNDA:0,(anonymous_74)
FNDA:0,(anonymous_75)
FNDA:0,(anonymous_76)
FNDA:0,(anonymous_77)
FNDA:0,(anonymous_78)
FNDA:0,(anonymous_79)
FNDA:0,(anonymous_80)
FNDA:0,(anonymous_81)
FNDA:0,(anonymous_82)
FNDA:0,(anonymous_83)
FNDA:0,(anonymous_84)
FNDA:0,(anonymous_85)
FNDA:0,(anonymous_86)
FNDA:0,(anonymous_87)
FNDA:0,(anonymous_88)
FNDA:0,(anonymous_89)
FNDA:0,(anonymous_90)
FNDA:0,(anonymous_91)
FNDA:0,(anonymous_92)
FNDA:0,(anonymous_93)
FNDA:0,(anonymous_94)
FNDA:0,(anonymous_95)
FNDA:0,(anonymous_96)
FNDA:0,(anonymous_97)
FNDA:0,(anonymous_98)
FNDA:0,(anonymous_99)
FNDA:0,(anonymous_100)
FNDA:0,(anonymous_101)
FNDA:0,(anonymous_102)
FNDA:0,(anonymous_103)
FNDA:0,(anonymous_104)
FNDA:0,(anonymous_105)
FNDA:0,(anonymous_106)
FNDA:0,(anonymous_107)
FNDA:0,(anonymous_108)
FNDA:0,(anonymous_109)
FNDA:0,(anonymous_110)
FNDA:0,(anonymous_111)
FNDA:0,(anonymous_112)
FNDA:0,(anonymous_113)
FNDA:0,(anonymous_114)
FNDA:0,(anonymous_115)
FNDA:0,(anonymous_116)
FNDA:0,(anonymous_117)
FNDA:0,(anonymous_118)
FNDA:0,(anonymous_119)
FNDA:0,(anonymous_120)
FNDA:0,(anonymous_121)
FNDA:0,(anonymous_122)
FNDA:0,(anonymous_123)
FNDA:0,(anonymous_124)
FNDA:0,(anonymous_125)
FNDA:0,(anonymous_126)
FNDA:0,(anonymous_127)
FNDA:0,(anonymous_128)
FNDA:0,(anonymous_129)
FNDA:0,(anonymous_130)
FNDA:0,(anonymous_131)
FNDA:0,(anonymous_132)
FNDA:0,(anonymous_133)
FNDA:0,(anonymous_134)
FNDA:0,(anonymous_135)
FNDA:0,(anonymous_136)
FNDA:0,(anonymous_137)
FNDA:0,(anonymous_138)
FNDA:0,(anonymous_139)
FNDA:0,(anonymous_140)
FNDA:0,(anonymous_141)
FNDA:0,(anonymous_142)
FNDA:0,(anonymous_143)
FNDA:0,(anonymous_144)
FNDA:0,(anonymous_145)
FNDA:0,(anonymous_146)
FNDA:0,(anonymous_147)
FNDA:0,(anonymous_148)
FNDA:0,(anonymous_149)
FNDA:0,(anonymous_150)
FNDA:0,(anonymous_151)
FNDA:0,(anonymous_152)
FNDA:0,(anonymous_153)
FNDA:0,(anonymous_154)
FNDA:0,(anonymous_155)
FNDA:0,(anonymous_156)
FNDA:0,(anonymous_157)
FNDA:0,(anonymous_158)
FNDA:0,(anonymous_159)
FNDA:0,(anonymous_160)
FNDA:0,(anonymous_161)
FNDA:0,(anonymous_162)
FNDA:0,(anonymous_163)
FNDA:0,(anonymous_164)
FNDA:0,(anonymous_165)
FNDA:0,(anonymous_166)
FNDA:0,(anonymous_167)
FNDA:0,(anonymous_168)
FNDA:0,(anonymous_169)
FNDA:0,(anonymous_170)
FNDA:0,(anonymous_171)
FNDA:0,(anonymous_172)
FNDA:0,(anonymous_173)
FNDA:0,(anonymous_174)
FNDA:0,(anonymous_175)
FNDA:0,(anonymous_176)
FNDA:0,(anonymous_177)
FNDA:0,(anonymous_178)
FNDA:0,(anonymous_179)
FNDA:0,(anonymous_180)
FNDA:0,(anonymous_181)
FNDA:0,(anonymous_182)
FNDA:0,(anonymous_183)
FNDA:0,(anonymous_184)
FNDA:0,(anonymous_185)
FNDA:0,createStage
FNDA:0,createEvaluator
FNDA:0,evaluateScript
FNDA:0,info
DA:8,0
DA:12,0
DA:16,0
DA:17,0
DA:20,0
DA:21,0
DA:22,0
DA:23,0
DA:24,0
DA:25,0
DA:26,0
DA:31,0
DA:33,0
DA:34,0
DA:35,0
DA:37,0
DA:38,0
DA:40,0
DA:42,0
DA:43,0
DA:44,0
DA:48,0
DA:50,0
DA:51,0
DA:53,0
DA:55,0
DA:59,0
DA:60,0
DA:61,0
DA:64,0
DA:65,0
DA:68,0
DA:69,0
DA:70,0
DA:71,0
DA:72,0
DA:73,0
DA:74,0
DA:75,0
DA:76,0
DA:84,0
DA:86,0
DA:88,0
DA:90,0
DA:91,0
DA:92,0
DA:93,0
DA:94,0
DA:95,0
DA:96,0
DA:97,0
DA:101,0
DA:105,0
DA:106,0
DA:107,0
DA:108,0
DA:109,0
DA:110,0
DA:111,0
DA:115,0
DA:119,0
DA:122,0
DA:123,0
DA:124,0
DA:125,0
DA:126,0
DA:127,0
DA:128,0
DA:129,0
DA:130,0
DA:131,0
DA:136,0
DA:137,0
DA:138,0
DA:139,0
DA:140,0
DA:141,0
DA:142,0
DA:143,0
DA:144,0
DA:145,0
DA:146,0
DA:147,0
DA:148,0
DA:149,0
DA:150,0
DA:151,0
DA:152,0
DA:157,0
DA:158,0
DA:159,0
DA:161,0
DA:162,0
DA:163,0
DA:164,0
DA:165,0
DA:166,0
DA:167,0
DA:168,0
DA:169,0
DA:170,0
DA:171,0
DA:172,0
DA:173,0
DA:174,0
DA:175,0
DA:176,0
DA:177,0
DA:178,0
DA:179,0
DA:180,0
DA:181,0
DA:194,0
DA:198,0
DA:203,0
DA:204,0
DA:205,0
DA:206,0
DA:207,0
DA:208,0
DA:209,0
DA:210,0
DA:211,0
DA:212,0
DA:215,0
DA:216,0
DA:217,0
DA:218,0
DA:219,0
DA:220,0
DA:223,0
DA:224,0
DA:225,0
DA:226,0
DA:236,0
DA:237,0
DA:238,0
DA:239,0
DA:240,0
DA:248,0
DA:249,0
DA:250,0
DA:251,0
DA:252,0
DA:257,0
DA:258,0
DA:259,0
DA:260,0
DA:261,0
DA:262,0
DA:263,0
DA:264,0
DA:265,0
DA:266,0
DA:267,0
DA:268,0
DA:269,0
DA:270,0
DA:271,0
DA:272,0
DA:273,0
DA:274,0
DA:283,0
DA:284,0
DA:285,0
DA:286,0
DA:295,0
DA:296,0
DA:297,0
DA:298,0
DA:299,0
DA:300,0
DA:301,0
DA:302,0
DA:312,0
DA:315,0
DA:318,0
DA:321,0
DA:325,0
DA:330,0
DA:331,0
DA:337,0
DA:338,0
DA:339,0
DA:340,0
DA:346,0
DA:347,0
DA:348,0
DA:349,0
DA:350,0
DA:356,0
DA:357,0
DA:358,0
DA:359,0
DA:360,0
DA:361,0
DA:362,0
LF:197
LH:0
BRF:0
BRH:0
end_of_record
TN:
SF:src/actors/Arrow.ts
FN:20,(anonymous_0)
FN:25,(anonymous_1)
FN:26,(anonymous_2)
FN:30,(anonymous_3)
FN:31,(anonymous_4)
FN:35,(anonymous_5)
FN:36,(anonymous_6)
FN:40,(anonymous_7)
FN:41,(anonymous_8)
FN:45,(anonymous_9)
FN:46,(anonymous_10)
FN:50,(anonymous_11)
FN:54,(anonymous_12)
FN:60,(anonymous_13)
FN:64,(anonymous_14)
FN:70,(anonymous_15)
FN:74,(anonymous_16)
FN:80,(anonymous_17)
FN:84,(anonymous_18)
FN:89,(anonymous_19)
FN:93,(anonymous_20)
FN:101,(anonymous_21)
FN:111,(anonymous_22)
FN:128,(anonymous_23)
FN:158,(anonymous_24)
FN:182,(anonymous_25)
FN:204,(anonymous_26)
FNF:27
FNH:13
FNDA:11,(anonymous_0)
FNDA:0,(anonymous_1)
FNDA:0,(anonymous_2)
FNDA:0,(anonymous_3)
FNDA:0,(anonymous_4)
FNDA:0,(anonymous_5)
FNDA:0,(anonymous_6)
FNDA:0,(anonymous_7)
FNDA:0,(anonymous_8)
FNDA:0,(anonymous_9)
FNDA:0,(anonymous_10)
FNDA:3,(anonymous_11)
FNDA:1,(anonymous_12)
FNDA:3,(anonymous_13)
FNDA:1,(anonymous_14)
FNDA:3,(anonymous_15)
FNDA:2,(anonymous_16)
FNDA:4,(anonymous_17)
FNDA:3,(anonymous_18)
FNDA:5,(anonymous_19)
FNDA:4,(anonymous_20)
FNDA:2,(anonymous_21)
FNDA:6,(anonymous_22)
FNDA:0,(anonymous_23)
FNDA:0,(anonymous_24)
FNDA:0,(anonymous_25)
FNDA:0,(anonymous_26)
DA:8,1
DA:13,1
DA:14,11
DA:15,11
DA:16,11
DA:17,11
DA:18,11
DA:21,11
DA:24,11
DA:25,0
DA:26,0
DA:29,11
DA:30,0
DA:31,0
DA:34,11
DA:35,0
DA:36,0
DA:39,11
DA:40,0
DA:41,0
DA:44,11
DA:45,0
DA:46,0
DA:51,3
DA:55,1
DA:56,1
DA:57,1
DA:61,3
DA:65,1
DA:66,1
DA:67,1
DA:71,3
DA:75,2
DA:76,2
DA:77,2
DA:81,4
DA:85,3
DA:86,3
DA:90,5
DA:94,4
DA:95,4
DA:102,2
DA:103,2
DA:104,2
DA:105,2
DA:112,6
DA:113,6
DA:114,6
DA:115,6
DA:117,6
DA:133,0
DA:136,0
DA:139,0
DA:140,0
DA:142,0
DA:147,0
DA:152,0
DA:163,0
DA:165,0
DA:166,0
DA:167,0
DA:168,0
DA:171,0
DA:172,0
DA:173,0
DA:177,0
DA:178,0
DA:183,0
DA:186,0
DA:187,0
DA:188,0
DA:189,0
DA:192,0
DA:193,0
DA:196,0
DA:197,0
DA:206,0
DA:207,0
DA:208,0
DA:209,0
DA:211,0
DA:212,0
DA:213,0
DA:215,0
DA:216,0
DA:221,0
DA:222,0
DA:223,0
DA:224,0
DA:225,0
DA:226,0
DA:228,0
DA:229,0
DA:232,0
DA:233,0
DA:234,0
DA:237,0
DA:238,0
LF:98
LH:40
BRDA:21,0,0,11
BRDA:21,0,1,11
BRDA:171,1,0,0
BRDA:177,2,0,0
BRDA:183,3,0,0
BRDA:192,4,0,0
BRDA:192,5,0,0
BRDA:192,5,1,0
BRDA:196,6,0,0
BRDA:196,7,0,0
BRDA:196,7,1,0
BRDA:215,8,0,0
BRDA:221,9,0,0
BRDA:221,9,1,0
BRDA:224,10,0,0
BRDA:224,10,1,0
BRF:16
BRH:2
end_of_record
TN:
SF:src/actors/Button.ts
FN:29,(anonymous_0)
FN:37,(anonymous_1)
FN:38,(anonymous_2)
FN:42,(anonymous_3)
FN:43,(anonymous_4)
FN:47,(anonymous_5)
FN:48,(anonymous_6)
FN:52,(anonymous_7)
FN:53,(anonymous_8)
FN:57,(anonymous_9)
FN:58,(anonymous_10)
FN:63,(anonymous_11)
FN:67,(anonymous_12)
FN:73,(anonymous_13)
FN:77,(anonymous_14)
FN:88,(anonymous_15)
FN:92,(anonymous_16)
FN:101,(anonymous_17)
FN:105,(anonymous_18)
FN:111,(anonymous_19)
FN:115,(anonymous_20)
FN:121,(anonymous_21)
FN:130,(anonymous_22)
FN:137,(anonymous_23)
FN:144,(anonymous_24)
FN:156,(anonymous_25)
FNF:26
FNH:0
FNDA:0,(anonymous_0)
FNDA:0,(anonymous_1)
FNDA:0,(anonymous_2)
FNDA:0,(anonymous_3)
FNDA:0,(anonymous_4)
FNDA:0,(anonymous_5)
FNDA:0,(anonymous_6)
FNDA:0,(anonymous_7)
FNDA:0,(anonymous_8)
FNDA:0,(anonymous_9)
FNDA:0,(anonymous_10)
FNDA:0,(anonymous_11)
FNDA:0,(anonymous_12)
FNDA:0,(anonymous_13)
FNDA:0,(anonymous_14)
FNDA:0,(anonymous_15)
FNDA:0,(anonymous_16)
FNDA:0,(anonymous_17)
FNDA:0,(anonymous_18)
FNDA:0,(anonymous_19)
FNDA:0,(anonymous_20)
FNDA:0,(anonymous_21)
FNDA:0,(anonymous_22)
FNDA:0,(anonymous_23)
FNDA:0,(anonymous_24)
FNDA:0,(anonymous_25)
DA:7,0
DA:8,0
DA:12,0
DA:13,0
DA:14,0
DA:15,0
DA:16,0
DA:17,0
DA:18,0
DA:21,0
DA:22,0
DA:23,0
DA:24,0
DA:25,0
DA:26,0
DA:27,0
DA:30,0
DA:33,0
DA:36,0
DA:37,0
DA:38,0
DA:41,0
DA:42,0
DA:43,0
DA:46,0
DA:47,0
DA:48,0
DA:51,0
DA:52,0
DA:53,0
DA:56,0
DA:57,0
DA:58,0
DA:64,0
DA:68,0
DA:69,0
DA:74,0
DA:78,0
DA:79,0
DA:80,0
DA:81,0
DA:82,0
DA:84,0
DA:89,0
DA:93,0
DA:94,0
DA:96,0
DA:97,0
DA:102,0
DA:106,0
DA:107,0
DA:112,0
DA:116,0
DA:117,0
DA:122,0
DA:124,0
DA:125,0
DA:131,0
DA:132,0
DA:133,0
DA:138,0
DA:139,0
DA:140,0
DA:145,0
DA:146,0
DA:147,0
DA:149,0
DA:152,0
DA:157,0
DA:159,0
DA:160,0
DA:161,0
DA:162,0
DA:163,0
DA:164,0
DA:168,0
DA:170,0
DA:171,0
DA:173,0
DA:174,0
DA:176,0
DA:177,0
DA:179,0
DA:183,0
DA:184,0
DA:185,0
DA:186,0
DA:187,0
DA:188,0
DA:189,0
DA:190,0
DA:191,0
DA:192,0
DA:193,0
DA:196,0
DA:197,0
DA:200,0
DA:201,0
DA:202,0
DA:205,0
DA:206,0
DA:207,0
DA:209,0
DA:210,0
DA:211,0
DA:213,0
DA:214,0
LF:107
LH:0
BRDA:30,0,0,0
BRDA:30,0,1,0
BRDA:79,1,0,0
BRDA:79,1,1,0
BRDA:81,2,0,0
BRDA:93,3,0,0
BRDA:93,4,0,0
BRDA:93,4,1,0
BRDA:122,5,0,0
BRDA:124,6,0,0
BRDA:131,7,0,0
BRDA:138,8,0,0
BRDA:145,9,0,0
BRDA:145,10,0,0
BRDA:145,10,1,0
BRDA:146,11,0,0
BRDA:146,11,1,0
BRDA:157,12,0,0
BRDA:168,13,0,0
BRDA:168,13,1,0
BRDA:168,13,2,0
BRDA:168,13,3,0
BRDA:211,14,0,0
BRDA:211,14,1,0
BRF:24
BRH:0
end_of_record
TN:
SF:src/actors/CheckBox.ts
FN:29,(anonymous_0)
FN:37,(anonymous_1)
FN:38,(anonymous_2)
FN:42,(anonymous_3)
FN:43,(anonymous_4)
FN:47,(anonymous_5)
FN:48,(anonymous_6)
FN:52,(anonymous_7)
FN:53,(anonymous_8)
FN:58,(anonymous_9)
FN:62,(anonymous_10)
FN:67,(anonymous_11)
FN:75,(anonymous_12)
FN:79,(anonymous_13)
FN:85,(anonymous_14)
FN:89,(anonymous_15)
FN:95,(anonymous_16)
FN:99,(anonymous_17)
FN:105,(anonymous_18)
FN:112,(anonymous_19)
FN:124,(anonymous_20)
FNF:21
FNH:0
FNDA:0,(anonymous_0)
FNDA:0,(anonymous_1)
FNDA:0,(anonymous_2)
FNDA:0,(anonymous_3)
FNDA:0,(anonymous_4)
FNDA:0,(anonymous_5)
FNDA:0,(anonymous_6)
FNDA:0,(anonymous_7)
FNDA:0,(anonymous_8)
FNDA:0,(anonymous_9)
FNDA:0,(anonymous_10)
FNDA:0,(anonymous_11)
FNDA:0,(anonymous_12)
FNDA:0,(anonymous_13)
FNDA:0,(anonymous_14)
FNDA:0,(anonymous_15)
FNDA:0,(anonymous_16)
FNDA:0,(anonymous_17)
FNDA:0,(anonymous_18)
FNDA:0,(anonymous_19)
FNDA:0,(anonymous_20)
DA:7,0
DA:8,0
DA:10,0
DA:11,0
DA:12,0
DA:13,0
DA:14,0
DA:15,0
DA:16,0
DA:17,0
DA:20,0
DA:21,0
DA:22,0
DA:23,0
DA:24,0
DA:25,0
DA:27,0
DA:30,0
DA:33,0
DA:36,0
DA:37,0
DA:38,0
DA:41,0
DA:42,0
DA:43,0
DA:46,0
DA:47,0
DA:48,0
DA:51,0
DA:52,0
DA:53,0
DA:59,0
DA:63,0
DA:64,0
DA:68,0
DA:69,0
DA:70,0
DA:76,0
DA:80,0
DA:81,0
DA:86,0
DA:90,0
DA:91,0
DA:96,0
DA:100,0
DA:101,0
DA:106,0
DA:107,0
DA:108,0
DA:113,0
DA:114,0
DA:115,0
DA:116,0
DA:117,0
DA:120,0
DA:125,0
DA:127,0
DA:128,0
DA:129,0
DA:130,0
DA:133,0
DA:136,0
DA:139,0
DA:142,0
DA:143,0
DA:144,0
DA:145,0
DA:148,0
DA:149,0
DA:150,0
DA:151,0
DA:152,0
DA:155,0
DA:156,0
DA:157,0
DA:158,0
DA:159,0
DA:163,0
DA:164,0
DA:166,0
DA:167,0
DA:168,0
DA:169,0
DA:170,0
LF:84
LH:0
BRDA:30,0,0,0
BRDA:30,0,1,0
BRDA:69,1,0,0
BRDA:106,2,0,0
BRDA:113,3,0,0
BRDA:116,4,0,0
BRDA:125,5,0,0
BRDA:137,6,0,0
BRDA:137,6,1,0
BRDA:142,7,0,0
BRDA:142,7,1,0
BRDA:142,8,0,0
BRDA:142,8,1,0
BRDA:143,9,0,0
BRDA:143,9,1,0
BRDA:144,10,0,0
BRDA:144,10,1,0
BRDA:144,11,0,0
BRDA:144,11,1,0
BRDA:148,12,0,0
BRDA:149,13,0,0
BRDA:149,13,1,0
BRDA:169,14,0,0
BRDA:169,14,1,0
BRF:24
BRH:0
end_of_record
TN:
SF:src/actors/Container.ts
FN:25,(anonymous_0)
FN:33,(anonymous_1)
FN:34,(anonymous_2)
FN:38,(anonymous_3)
FN:39,(anonymous_4)
FN:43,(anonymous_5)
FN:44,(anonymous_6)
FN:48,(anonymous_7)
FN:49,(anonymous_8)
FN:53,(anonymous_9)
FN:54,(anonymous_10)
FN:58,(anonymous_11)
FN:59,(anonymous_12)
FN:64,(anonymous_13)
FN:72,(anonymous_14)
FN:81,(anonymous_15)
FN:85,(anonymous_16)
FN:91,(anonymous_17)
FN:95,(anonymous_18)
FN:102,(anonymous_19)
FN:106,(anonymous_20)
FN:113,(anonymous_21)
FN:117,(anonymous_22)
FN:124,(anonymous_23)
FN:128,(anonymous_24)
FN:135,(anonymous_25)
FN:139,(anonymous_26)
FN:145,(anonymous_27)
FN:149,(anonymous_28)
FN:155,(anonymous_29)
FN:179,(anonymous_30)
FN:198,(anonymous_31)
FN:217,(anonymous_32)
FN:243,(anonymous_33)
FN:254,(anonymous_34)
FN:265,(anonymous_35)
FN:276,(anonymous_36)
FN:287,(anonymous_37)
FNF:38
FNH:0
FNDA:0,(anonymous_0)
FNDA:0,(anonymous_1)
FNDA:0,(anonymous_2)
FNDA:0,(anonymous_3)
FNDA:0,(anonymous_4)
FNDA:0,(anonymous_5)
FNDA:0,(anonymous_6)
FNDA:0,(anonymous_7)
FNDA:0,(anonymous_8)
FNDA:0,(anonymous_9)
FNDA:0,(anonymous_10)
FNDA:0,(anonymous_11)
FNDA:0,(anonymous_12)
FNDA:0,(anonymous_13)
FNDA:0,(anonymous_14)
FNDA:0,(anonymous_15)
FNDA:0,(anonymous_16)
FNDA:0,(anonymous_17)
FNDA:0,(anonymous_18)
FNDA:0,(anonymous_19)
FNDA:0,(anonymous_20)
FNDA:0,(anonymous_21)
FNDA:0,(anonymous_22)
FNDA:0,(anonymous_23)
FNDA:0,(anonymous_24)
FNDA:0,(anonymous_25)
FNDA:0,(anonymous_26)
FNDA:0,(anonymous_27)
FNDA:0,(anonymous_28)
FNDA:0,(anonymous_29)
FNDA:0,(anonymous_30)
FNDA:0,(anonymous_31)
FNDA:0,(anonymous_32)
FNDA:0,(anonymous_33)
FNDA:0,(anonymous_34)
FNDA:0,(anonymous_35)
FNDA:0,(anonymous_36)
FNDA:0,(anonymous_37)
DA:7,0
DA:8,0
DA:12,0
DA:13,0
DA:14,0
DA:15,0
DA:16,0
DA:17,0
DA:20,0
DA:21,0
DA:22,0
DA:23,0
DA:26,0
DA:29,0
DA:32,0
DA:33,0
DA:34,0
DA:37,0
DA:38,0
DA:39,0
DA:42,0
DA:43,0
DA:44,0
DA:47,0
DA:48,0
DA:49,0
DA:52,0
DA:53,0
DA:54,0
DA:57,0
DA:58,0
DA:59,0
DA:65,0
DA:66,0
DA:67,0
DA:68,0
DA:73,0
DA:74,0
DA:75,0
DA:76,0
DA:77,0
DA:82,0
DA:86,0
DA:87,0
DA:92,0
DA:96,0
DA:97,0
DA:98,0
DA:103,0
DA:107,0
DA:108,0
DA:109,0
DA:114,0
DA:118,0
DA:119,0
DA:120,0
DA:125,0
DA:129,0
DA:130,0
DA:131,0
DA:136,0
DA:140,0
DA:141,0
DA:146,0
DA:150,0
DA:151,0
DA:156,0
DA:158,0
DA:159,0
DA:160,0
DA:162,0
DA:164,0
DA:165,0
DA:167,0
DA:168,0
DA:170,0
DA:171,0
DA:175,0
DA:180,0
DA:181,0
DA:182,0
DA:184,0
DA:185,0
DA:186,0
DA:187,0
DA:189,0
DA:199,0
DA:200,0
DA:201,0
DA:203,0
DA:204,0
DA:205,0
DA:206,0
DA:208,0
DA:218,0
DA:219,0
DA:220,0
DA:221,0
DA:222,0
DA:223,0
DA:225,0
DA:226,0
DA:227,0
DA:228,0
DA:230,0
DA:231,0
DA:233,0
DA:244,0
DA:245,0
DA:246,0
DA:247,0
DA:248,0
DA:251,0
DA:255,0
DA:256,0
DA:257,0
DA:258,0
DA:259,0
DA:262,0
DA:266,0
DA:267,0
DA:268,0
DA:269,0
DA:270,0
DA:273,0
DA:277,0
DA:278,0
DA:279,0
DA:280,0
DA:283,0
DA:288,0
DA:290,0
DA:291,0
DA:292,0
DA:293,0
DA:294,0
DA:297,0
DA:298,0
DA:299,0
DA:300,0
DA:301,0
DA:302,0
DA:303,0
DA:304,0
DA:305,0
DA:306,0
DA:307,0
DA:308,0
DA:309,0
DA:311,0
DA:312,0
DA:316,0
DA:317,0
DA:318,0
DA:319,0
DA:320,0
DA:321,0
DA:322,0
DA:323,0
DA:324,0
DA:325,0
DA:326,0
DA:327,0
DA:328,0
DA:330,0
DA:331,0
DA:332,0
DA:336,0
DA:337,0
DA:338,0
DA:339,0
DA:340,0
LF:172
LH:0
BRDA:26,0,0,0
BRDA:26,0,1,0
BRDA:65,1,0,0
BRDA:74,2,0,0
BRDA:156,3,0,0
BRDA:162,4,0,0
BRDA:162,4,1,0
BRDA:162,4,2,0
BRDA:162,4,3,0
BRDA:162,4,4,0
BRDA:246,5,0,0
BRDA:246,6,0,0
BRDA:246,6,1,0
BRDA:257,7,0,0
BRDA:257,8,0,0
BRDA:257,8,1,0
BRDA:268,9,0,0
BRDA:268,10,0,0
BRDA:268,10,1,0
BRDA:279,11,0,0
BRDA:288,12,0,0
BRDA:297,13,0,0
BRDA:316,14,0,0
BRDA:337,15,0,0
BRF:24
BRH:0
end_of_record
TN:
SF:src/actors/EditText.ts
FN:40,(anonymous_0)
FN:48,(anonymous_1)
FN:49,(anonymous_2)
FN:53,(anonymous_3)
FN:54,(anonymous_4)
FN:58,(anonymous_5)
FN:59,(anonymous_6)
FN:63,(anonymous_7)
FN:64,(anonymous_8)
FN:68,(anonymous_9)
FN:69,(anonymous_10)
FN:77,(anonymous_11)
FN:81,(anonymous_12)
FN:95,(anonymous_13)
FN:99,(anonymous_14)
FN:105,(anonymous_15)
FN:109,(anonymous_16)
FN:115,(anonymous_17)
FN:119,(anonymous_18)
FN:127,(anonymous_19)
FN:131,(anonymous_20)
FN:145,(anonymous_21)
FN:150,(anonymous_22)
FN:158,(anonymous_23)
FN:170,(anonymous_24)
FN:171,(anonymous_25)
FN:180,(anonymous_26)
FN:183,(anonymous_27)
FN:270,(anonymous_28)
FN:278,(anonymous_29)
FN:314,(anonymous_30)
FN:391,(anonymous_31)
FNF:32
FNH:0
FNDA:0,(anonymous_0)
FNDA:0,(anonymous_1)
FNDA:0,(anonymous_2)
FNDA:0,(anonymous_3)
FNDA:0,(anonymous_4)
FNDA:0,(anonymous_5)
FNDA:0,(anonymous_6)
FNDA:0,(anonymous_7)
FNDA:0,(anonymous_8)
FNDA:0,(anonymous_9)
FNDA:0,(anonymous_10)
FNDA:0,(anonymous_11)
FNDA:0,(anonymous_12)
FNDA:0,(anonymous_13)
FNDA:0,(anonymous_14)
FNDA:0,(anonymous_15)
FNDA:0,(anonymous_16)
FNDA:0,(anonymous_17)
FNDA:0,(anonymous_18)
FNDA:0,(anonymous_19)
FNDA:0,(anonymous_20)
FNDA:0,(anonymous_21)
FNDA:0,(anonymous_22)
FNDA:0,(anonymous_23)
FNDA:0,(anonymous_24)
FNDA:0,(anonymous_25)
FNDA:0,(anonymous_26)
FNDA:0,(anonymous_27)
FNDA:0,(anonymous_28)
FNDA:0,(anonymous_29)
FNDA:0,(anonymous_30)
FNDA:0,(anonymous_31)
DA:7,0
DA:8,0
DA:10,0
DA:11,0
DA:12,0
DA:13,0
DA:14,0
DA:15,0
DA:16,0
DA:17,0
DA:18,0
DA:19,0
DA:22,0
DA:23,0
DA:24,0
DA:25,0
DA:28,0
DA:29,0
DA:30,0
DA:31,0
DA:32,0
DA:33,0
DA:34,0
DA:35,0
DA:36,0
DA:38,0
DA:41,0
DA:44,0
DA:47,0
DA:48,0
DA:49,0
DA:52,0
DA:53,0
DA:54,0
DA:57,0
DA:58,0
DA:59,0
DA:62,0
DA:63,0
DA:64,0
DA:67,0
DA:68,0
DA:69,0
DA:73,0
DA:78,0
DA:82,0
DA:83,0
DA:85,0
DA:86,0
DA:87,0
DA:88,0
DA:89,0
DA:90,0
DA:96,0
DA:100,0
DA:101,0
DA:106,0
DA:110,0
DA:111,0
DA:116,0
DA:120,0
DA:121,0
DA:122,0
DA:128,0
DA:132,0
DA:133,0
DA:134,0
DA:135,0
DA:137,0
DA:138,0
DA:140,0
DA:146,0
DA:147,0
DA:151,0
DA:159,0
DA:160,0
DA:161,0
DA:162,0
DA:163,0
DA:164,0
DA:165,0
DA:171,0
DA:172,0
DA:173,0
DA:174,0
DA:181,0
DA:183,0
DA:184,0
DA:186,0
DA:187,0
DA:188,0
DA:189,0
DA:190,0
DA:191,0
DA:194,0
DA:195,0
DA:196,0
DA:197,0
DA:200,0
DA:201,0
DA:202,0
DA:203,0
DA:204,0
DA:205,0
DA:208,0
DA:209,0
DA:210,0
DA:213,0
DA:214,0
DA:215,0
DA:216,0
DA:217,0
DA:218,0
DA:219,0
DA:221,0
DA:222,0
DA:223,0
DA:224,0
DA:225,0
DA:226,0
DA:227,0
DA:229,0
DA:230,0
DA:231,0
DA:232,0
DA:233,0
DA:234,0
DA:235,0
DA:236,0
DA:237,0
DA:238,0
DA:239,0
DA:240,0
DA:241,0
DA:242,0
DA:243,0
DA:244,0
DA:246,0
DA:248,0
DA:249,0
DA:250,0
DA:252,0
DA:253,0
DA:257,0
DA:258,0
DA:259,0
DA:260,0
DA:261,0
DA:267,0
DA:271,0
DA:272,0
DA:273,0
DA:279,0
DA:280,0
DA:283,0
DA:284,0
DA:285,0
DA:288,0
DA:289,0
DA:290,0
DA:292,0
DA:293,0
DA:295,0
DA:296,0
DA:297,0
DA:298,0
DA:299,0
DA:300,0
DA:304,0
DA:305,0
DA:306,0
DA:307,0
DA:310,0
DA:315,0
DA:317,0
DA:318,0
DA:319,0
DA:320,0
DA:321,0
DA:322,0
DA:325,0
DA:326,0
DA:327,0
DA:328,0
DA:329,0
DA:330,0
DA:331,0
DA:332,0
DA:333,0
DA:334,0
DA:335,0
DA:337,0
DA:338,0
DA:339,0
DA:342,0
DA:343,0
DA:344,0
DA:345,0
DA:348,0
DA:349,0
DA:351,0
DA:352,0
DA:355,0
DA:356,0
DA:357,0
DA:358,0
DA:359,0
DA:360,0
DA:361,0
DA:363,0
DA:364,0
DA:368,0
DA:369,0
DA:370,0
DA:371,0
DA:372,0
DA:373,0
DA:377,0
DA:378,0
DA:379,0
DA:381,0
DA:382,0
DA:383,0
DA:384,0
DA:385,0
DA:386,0
DA:392,0
LF:227
LH:0
BRDA:41,0,0,0
BRDA:41,0,1,0
BRDA:82,1,0,0
BRDA:89,2,0,0
BRDA:121,3,0,0
BRDA:121,4,0,0
BRDA:121,4,1,0
BRDA:132,5,0,0
BRDA:134,6,0,0
BRDA:134,6,1,0
BRDA:152,7,0,0
BRDA:152,7,1,0
BRDA:152,7,2,0
BRDA:159,8,0,0
BRDA:172,9,0,0
BRDA:181,10,0,0
BRDA:184,11,0,0
BRDA:184,12,0,0
BRDA:184,12,1,0
BRDA:186,13,0,0
BRDA:186,13,1,0
BRDA:188,14,0,0
BRDA:188,14,1,0
BRDA:190,15,0,0
BRDA:196,16,0,0
BRDA:200,17,0,0
BRDA:200,17,1,0
BRDA:202,18,0,0
BRDA:202,18,1,0
BRDA:204,19,0,0
BRDA:209,20,0,0
BRDA:213,21,0,0
BRDA:213,21,1,0
BRDA:215,22,0,0
BRDA:221,23,0,0
BRDA:221,23,1,0
BRDA:223,24,0,0
BRDA:229,25,0,0
BRDA:229,25,1,0
BRDA:235,26,0,0
BRDA:235,26,1,0
BRDA:241,27,0,0
BRDA:241,27,1,0
BRDA:243,28,0,0
BRDA:246,29,0,0
BRDA:246,30,0,0
BRDA:246,30,1,0
BRDA:246,30,2,0
BRDA:249,31,0,0
BRDA:252,32,0,0
BRDA:252,33,0,0
BRDA:252,33,1,0
BRDA:260,34,0,0
BRDA:271,35,0,0
BRDA:279,36,0,0
BRDA:298,37,0,0
BRDA:315,38,0,0
BRDA:337,39,0,0
BRDA:337,39,1,0
BRDA:342,40,0,0
BRDA:342,40,1,0
BRDA:344,41,0,0
BRDA:344,41,1,0
BRDA:355,42,0,0
BRDA:368,43,0,0
BRDA:368,43,1,0
BRDA:369,44,0,0
BRDA:369,44,1,0
BRDA:371,45,0,0
BRDA:377,46,0,0
BRDA:377,47,0,0
BRDA:377,47,1,0
BRDA:377,47,2,0
BRF:73
BRH:0
end_of_record
TN:
SF:src/actors/Label.ts
FN:25,(anonymous_0)
FN:33,(anonymous_1)
FN:34,(anonymous_2)
FN:38,(anonymous_3)
FN:39,(anonymous_4)
FN:43,(anonymous_5)
FN:44,(anonymous_6)
FN:48,(anonymous_7)
FN:49,(anonymous_8)
FN:53,(anonymous_9)
FN:54,(anonymous_10)
FN:58,(anonymous_11)
FN:59,(anonymous_12)
FN:63,(anonymous_13)
FN:64,(anonymous_14)
FN:68,(anonymous_15)
FN:69,(anonymous_16)
FN:73,(anonymous_17)
FN:74,(anonymous_18)
FN:79,(anonymous_19)
FN:83,(anonymous_20)
FN:89,(anonymous_21)
FN:93,(anonymous_22)
FN:99,(anonymous_23)
FN:103,(anonymous_24)
FN:109,(anonymous_25)
FN:113,(anonymous_26)
FN:119,(anonymous_27)
FN:123,(anonymous_28)
FN:129,(anonymous_29)
FN:133,(anonymous_30)
FN:139,(anonymous_31)
FN:143,(anonymous_32)
FN:149,(anonymous_33)
FN:153,(anonymous_34)
FN:159,(anonymous_35)
FN:163,(anonymous_36)
FN:169,(anonymous_37)
FN:222,(anonymous_38)
FNF:39
FNH:0
FNDA:0,(anonymous_0)
FNDA:0,(anonymous_1)
FNDA:0,(anonymous_2)
FNDA:0,(anonymous_3)
FNDA:0,(anonymous_4)
FNDA:0,(anonymous_5)
FNDA:0,(anonymous_6)
FNDA:0,(anonymous_7)
FNDA:0,(anonymous_8)
FNDA:0,(anonymous_9)
FNDA:0,(anonymous_10)
FNDA:0,(anonymous_11)
FNDA:0,(anonymous_12)
FNDA:0,(anonymous_13)
FNDA:0,(anonymous_14)
FNDA:0,(anonymous_15)
FNDA:0,(anonymous_16)
FNDA:0,(anonymous_17)
FNDA:0,(anonymous_18)
FNDA:0,(anonymous_19)
FNDA:0,(anonymous_20)
FNDA:0,(anonymous_21)
FNDA:0,(anonymous_22)
FNDA:0,(anonymous_23)
FNDA:0,(anonymous_24)
FNDA:0,(anonymous_25)
FNDA:0,(anonymous_26)
FNDA:0,(anonymous_27)
FNDA:0,(anonymous_28)
FNDA:0,(anonymous_29)
FNDA:0,(anonymous_30)
FNDA:0,(anonymous_31)
FNDA:0,(anonymous_32)
FNDA:0,(anonymous_33)
FNDA:0,(anonymous_34)
FNDA:0,(anonymous_35)
FNDA:0,(anonymous_36)
FNDA:0,(anonymous_37)
FNDA:0,(anonymous_38)
DA:7,0
DA:8,0
DA:13,0
DA:14,0
DA:15,0
DA:16,0
DA:17,0
DA:18,0
DA:19,0
DA:20,0
DA:21,0
DA:22,0
DA:23,0
DA:26,0
DA:29,0
DA:32,0
DA:33,0
DA:34,0
DA:37,0
DA:38,0
DA:39,0
DA:42,0
DA:43,0
DA:44,0
DA:47,0
DA:48,0
DA:49,0
DA:52,0
DA:53,0
DA:54,0
DA:57,0
DA:58,0
DA:59,0
DA:62,0
DA:63,0
DA:64,0
DA:67,0
DA:68,0
DA:69,0
DA:72,0
DA:73,0
DA:74,0
DA:80,0
DA:84,0
DA:85,0
DA:90,0
DA:94,0
DA:95,0
DA:100,0
DA:104,0
DA:105,0
DA:110,0
DA:114,0
DA:115,0
DA:120,0
DA:124,0
DA:125,0
DA:130,0
DA:134,0
DA:135,0
DA:140,0
DA:144,0
DA:145,0
DA:150,0
DA:154,0
DA:155,0
DA:160,0
DA:164,0
DA:165,0
DA:170,0
DA:172,0
DA:173,0
DA:174,0
DA:175,0
DA:176,0
DA:179,0
DA:180,0
DA:181,0
DA:185,0
DA:187,0
DA:188,0
DA:189,0
DA:191,0
DA:192,0
DA:193,0
DA:195,0
DA:196,0
DA:200,0
DA:202,0
DA:203,0
DA:204,0
DA:206,0
DA:207,0
DA:208,0
DA:210,0
DA:211,0
DA:215,0
DA:216,0
DA:218,0
DA:229,0
DA:230,0
DA:231,0
DA:233,0
DA:234,0
DA:235,0
DA:237,0
DA:238,0
DA:239,0
DA:241,0
DA:244,0
DA:245,0
DA:249,0
DA:250,0
DA:251,0
DA:252,0
LF:115
LH:0
BRDA:26,0,0,0
BRDA:26,0,1,0
BRDA:170,1,0,0
BRDA:185,2,0,0
BRDA:185,2,1,0
BRDA:185,2,2,0
BRDA:200,3,0,0
BRDA:200,3,1,0
BRDA:200,3,2,0
BRDA:215,4,0,0
BRDA:215,4,1,0
BRDA:234,5,0,0
BRDA:234,5,1,0
BRDA:237,6,0,0
BRDA:237,6,1,0
BRDA:237,7,0,0
BRDA:237,7,1,0
BRDA:244,8,0,0
BRF:18
BRH:0
end_of_record
TN:
SF:src/actors/MenuButton.ts
FN:46,(anonymous_0)
FN:54,(anonymous_1)
FN:55,(anonymous_2)
FN:59,(anonymous_3)
FN:60,(anonymous_4)
FN:64,(anonymous_5)
FN:65,(anonymous_6)
FN:69,(anonymous_7)
FN:70,(anonymous_8)
FN:75,(anonymous_9)
FN:79,(anonymous_10)
FN:85,(anonymous_11)
FN:89,(anonymous_12)
FN:98,(anonymous_13)
FN:102,(anonymous_14)
FN:111,(anonymous_15)
FN:115,(anonymous_16)
FN:121,(anonymous_17)
FN:125,(anonymous_18)
FN:130,(anonymous_19)
FN:135,(anonymous_20)
FN:141,(anonymous_21)
FN:154,(anonymous_22)
FN:172,(anonymous_23)
FN:193,(anonymous_24)
FN:223,(anonymous_25)
FN:245,(anonymous_26)
FNF:27
FNH:0
FNDA:0,(anonymous_0)
FNDA:0,(anonymous_1)
FNDA:0,(anonymous_2)
FNDA:0,(anonymous_3)
FNDA:0,(anonymous_4)
FNDA:0,(anonymous_5)
FNDA:0,(anonymous_6)
FNDA:0,(anonymous_7)
FNDA:0,(anonymous_8)
FNDA:0,(anonymous_9)
FNDA:0,(anonymous_10)
FNDA:0,(anonymous_11)
FNDA:0,(anonymous_12)
FNDA:0,(anonymous_13)
FNDA:0,(anonymous_14)
FNDA:0,(anonymous_15)
FNDA:0,(anonymous_16)
FNDA:0,(anonymous_17)
FNDA:0,(anonymous_18)
FNDA:0,(anonymous_19)
FNDA:0,(anonymous_20)
FNDA:0,(anonymous_21)
FNDA:0,(anonymous_22)
FNDA:0,(anonymous_23)
FNDA:0,(anonymous_24)
FNDA:0,(anonymous_25)
FNDA:0,(anonymous_26)
DA:7,0
DA:8,0
DA:17,0
DA:18,0
DA:19,0
DA:20,0
DA:21,0
DA:22,0
DA:25,0
DA:26,0
DA:27,0
DA:28,0
DA:29,0
DA:30,0
DA:33,0
DA:34,0
DA:35,0
DA:36,0
DA:37,0
DA:38,0
DA:39,0
DA:40,0
DA:41,0
DA:42,0
DA:44,0
DA:47,0
DA:50,0
DA:53,0
DA:54,0
DA:55,0
DA:58,0
DA:59,0
DA:60,0
DA:63,0
DA:64,0
DA:65,0
DA:68,0
DA:69,0
DA:70,0
DA:76,0
DA:80,0
DA:81,0
DA:86,0
DA:90,0
DA:91,0
DA:92,0
DA:94,0
DA:99,0
DA:103,0
DA:104,0
DA:105,0
DA:106,0
DA:112,0
DA:116,0
DA:117,0
DA:122,0
DA:126,0
DA:127,0
DA:131,0
DA:132,0
DA:136,0
DA:137,0
DA:142,0
DA:143,0
DA:145,0
DA:155,0
DA:157,0
DA:158,0
DA:164,0
DA:167,0
DA:168,0
DA:174,0
DA:175,0
DA:179,0
DA:180,0
DA:181,0
DA:189,0
DA:194,0
DA:196,0
DA:199,0
DA:200,0
DA:201,0
DA:202,0
DA:206,0
DA:207,0
DA:208,0
DA:209,0
DA:210,0
DA:211,0
DA:212,0
DA:213,0
DA:218,0
DA:224,0
DA:226,0
DA:229,0
DA:230,0
DA:234,0
DA:235,0
DA:237,0
DA:238,0
DA:241,0
DA:246,0
DA:248,0
DA:249,0
DA:250,0
DA:251,0
DA:252,0
DA:253,0
DA:257,0
DA:258,0
DA:259,0
DA:260,0
DA:261,0
DA:262,0
DA:264,0
DA:268,0
DA:269,0
DA:270,0
DA:271,0
DA:272,0
DA:273,0
DA:274,0
DA:275,0
DA:276,0
DA:277,0
DA:278,0
DA:280,0
DA:281,0
DA:283,0
DA:284,0
DA:285,0
DA:288,0
DA:289,0
DA:290,0
DA:292,0
DA:293,0
DA:294,0
DA:296,0
DA:297,0
DA:300,0
DA:301,0
DA:302,0
DA:304,0
DA:305,0
DA:306,0
DA:307,0
DA:308,0
DA:309,0
DA:310,0
DA:313,0
DA:314,0
DA:315,0
DA:316,0
DA:317,0
DA:318,0
DA:321,0
DA:322,0
DA:325,0
DA:326,0
DA:327,0
DA:330,0
DA:331,0
DA:332,0
DA:335,0
DA:336,0
DA:337,0
DA:338,0
DA:339,0
DA:340,0
DA:341,0
DA:342,0
DA:343,0
DA:347,0
DA:348,0
DA:349,0
DA:353,0
DA:354,0
DA:355,0
DA:357,0
DA:358,0
DA:359,0
DA:361,0
DA:362,0
LF:183
LH:0
BRDA:47,0,0,0
BRDA:47,0,1,0
BRDA:91,1,0,0
BRDA:103,2,0,0
BRDA:155,3,0,0
BRDA:158,4,0,0
BRDA:159,5,0,0
BRDA:159,5,1,0
BRDA:159,5,2,0
BRDA:159,5,3,0
BRDA:168,6,0,0
BRDA:168,6,1,0
BRDA:168,7,0,0
BRDA:168,7,1,0
BRDA:174,8,0,0
BRDA:179,9,0,0
BRDA:182,10,0,0
BRDA:182,10,1,0
BRDA:182,10,2,0
BRDA:182,10,3,0
BRDA:194,11,0,0
BRDA:199,12,0,0
BRDA:199,13,0,0
BRDA:199,13,1,0
BRDA:199,13,2,0
BRDA:199,13,3,0
BRDA:206,14,0,0
BRDA:208,15,0,0
BRDA:208,15,1,0
BRDA:210,16,0,0
BRDA:210,17,0,0
BRDA:210,17,1,0
BRDA:212,18,0,0
BRDA:224,19,0,0
BRDA:231,20,0,0
BRDA:231,20,1,0
BRDA:231,20,2,0
BRDA:231,20,3,0
BRDA:237,21,0,0
BRDA:237,22,0,0
BRDA:237,22,1,0
BRDA:246,23,0,0
BRDA:257,24,0,0
BRDA:257,24,1,0
BRDA:259,25,0,0
BRDA:259,25,1,0
BRDA:261,26,0,0
BRDA:261,26,1,0
BRDA:294,27,0,0
BRDA:294,27,1,0
BRDA:313,28,0,0
BRDA:335,29,0,0
BRDA:347,30,0,0
BRDA:347,31,0,0
BRDA:347,31,1,0
BRDA:359,32,0,0
BRDA:359,32,1,0
BRF:57
BRH:0
end_of_record
TN:
SF:src/actors/MovieRectangle.ts
FN:15,(anonymous_0)
FN:33,(anonymous_1)
FN:49,(anonymous_2)
FN:50,(anonymous_3)
FN:54,(anonymous_4)
FN:55,(anonymous_5)
FN:59,(anonymous_6)
FN:63,(anonymous_7)
FN:64,(anonymous_8)
FN:68,(anonymous_9)
FN:69,(anonymous_10)
FN:73,(anonymous_11)
FN:77,(anonymous_12)
FN:81,(anonymous_13)
FN:85,(anonymous_14)
FN:86,(anonymous_15)
FN:90,(anonymous_16)
FN:91,(anonymous_17)
FN:101,(anonymous_18)
FN:102,(anonymous_19)
FN:124,(anonymous_20)
FN:135,(anonymous_21)
FN:146,(anonymous_22)
FN:157,(anonymous_23)
FN:172,(anonymous_24)
FN:187,(anonymous_25)
FN:193,(anonymous_26)
FN:204,(anonymous_27)
FN:208,(anonymous_28)
FN:217,(anonymous_29)
FN:226,(anonymous_30)
FN:230,(anonymous_31)
FN:235,(anonymous_32)
FN:242,(anonymous_33)
FN:246,(anonymous_34)
FN:250,(anonymous_35)
FN:254,(anonymous_36)
FN:258,(anonymous_37)
FN:265,(anonymous_38)
FN:269,(anonymous_39)
FN:273,(anonymous_40)
FN:277,(anonymous_41)
FN:284,(anonymous_42)
FN:288,(anonymous_43)
FN:295,(anonymous_44)
FN:299,(anonymous_45)
FN:307,(anonymous_46)
FN:311,(anonymous_47)
FN:319,(anonymous_48)
FN:323,(anonymous_49)
FN:330,(anonymous_50)
FN:384,(anonymous_51)
FN:387,(anonymous_52)
FN:403,(anonymous_53)
FN:413,(anonymous_54)
FN:461,(anonymous_55)
FN:522,(anonymous_56)
FN:533,(anonymous_57)
FN:551,(anonymous_58)
FN:595,(anonymous_59)
FN:608,createMovieRectangle
FN:637,(anonymous_61)
FNF:62
FNH:0
FNDA:0,(anonymous_0)
FNDA:0,(anonymous_1)
FNDA:0,(anonymous_2)
FNDA:0,(anonymous_3)
FNDA:0,(anonymous_4)
FNDA:0,(anonymous_5)
FNDA:0,(anonymous_6)
FNDA:0,(anonymous_7)
FNDA:0,(anonymous_8)
FNDA:0,(anonymous_9)
FNDA:0,(anonymous_10)
FNDA:0,(anonymous_11)
FNDA:0,(anonymous_12)
FNDA:0,(anonymous_13)
FNDA:0,(anonymous_14)
FNDA:0,(anonymous_15)
FNDA:0,(anonymous_16)
FNDA:0,(anonymous_17)
FNDA:0,(anonymous_18)
FNDA:0,(anonymous_19)
FNDA:0,(anonymous_20)
FNDA:0,(anonymous_21)
FNDA:0,(anonymous_22)
FNDA:0,(anonymous_23)
FNDA:0,(anonymous_24)
FNDA:0,(anonymous_25)
FNDA:0,(anonymous_26)
FNDA:0,(anonymous_27)
FNDA:0,(anonymous_28)
FNDA:0,(anonymous_29)
FNDA:0,(anonymous_30)
FNDA:0,(anonymous_31)
FNDA:0,(anonymous_32)
FNDA:0,(anonymous_33)
FNDA:0,(anonymous_34)
FNDA:0,(anonymous_35)
FNDA:0,(anonymous_36)
FNDA:0,(anonymous_37)
FNDA:0,(anonymous_38)
FNDA:0,(anonymous_39)
FNDA:0,(anonymous_40)
FNDA:0,(anonymous_41)
FNDA:0,(anonymous_42)
FNDA:0,(anonymous_43)
FNDA:0,(anonymous_44)
FNDA:0,(anonymous_45)
FNDA:0,(anonymous_46)
FNDA:0,(anonymous_47)
FNDA:0,(anonymous_48)
FNDA:0,(anonymous_49)
FNDA:0,(anonymous_50)
FNDA:0,(anonymous_51)
FNDA:0,(anonymous_52)
FNDA:0,(anonymous_53)
FNDA:0,(anonymous_54)
FNDA:0,(anonymous_55)
FNDA:0,(anonymous_56)
FNDA:0,(anonymous_57)
FNDA:0,(anonymous_58)
FNDA:0,(anonymous_59)
FNDA:0,createMovieRectangle
FNDA:0,(anonymous_61)
DA:8,0
DA:9,0
DA:10,0
DA:15,0
DA:16,0
DA:17,0
DA:18,0
DA:24,0
DA:27,0
DA:28,0
DA:29,0
DA:30,0
DA:31,0
DA:34,0
DA:37,0
DA:38,0
DA:39,0
DA:42,0
DA:45,0
DA:48,0
DA:49,0
DA:50,0
DA:53,0
DA:54,0
DA:55,0
DA:58,0
DA:59,0
DA:62,0
DA:63,0
DA:64,0
DA:67,0
DA:68,0
DA:69,0
DA:72,0
DA:73,0
DA:76,0
DA:77,0
DA:80,0
DA:81,0
DA:84,0
DA:85,0
DA:86,0
DA:89,0
DA:90,0
DA:91,0
DA:95,0
DA:102,0
DA:104,0
DA:105,0
DA:107,0
DA:108,0
DA:111,0
DA:121,0
DA:124,0
DA:125,0
DA:126,0
DA:128,0
DA:129,0
DA:132,0
DA:135,0
DA:136,0
DA:137,0
DA:139,0
DA:140,0
DA:143,0
DA:146,0
DA:147,0
DA:148,0
DA:150,0
DA:151,0
DA:154,0
DA:157,0
DA:158,0
DA:159,0
DA:162,0
DA:172,0
DA:173,0
DA:174,0
DA:176,0
DA:177,0
DA:180,0
DA:187,0
DA:188,0
DA:189,0
DA:193,0
DA:194,0
DA:195,0
DA:197,0
DA:205,0
DA:209,0
DA:210,0
DA:211,0
DA:218,0
DA:219,0
DA:221,0
DA:222,0
DA:227,0
DA:231,0
DA:232,0
DA:236,0
DA:243,0
DA:247,0
DA:251,0
DA:255,0
DA:259,0
DA:266,0
DA:270,0
DA:274,0
DA:278,0
DA:285,0
DA:289,0
DA:296,0
DA:300,0
DA:301,0
DA:308,0
DA:312,0
DA:313,0
DA:320,0
DA:324,0
DA:336,0
DA:337,0
DA:339,0
DA:340,0
DA:348,0
DA:349,0
DA:351,0
DA:352,0
DA:353,0
DA:354,0
DA:356,0
DA:358,0
DA:359,0
DA:360,0
DA:362,0
DA:363,0
DA:365,0
DA:368,0
DA:369,0
DA:370,0
DA:372,0
DA:373,0
DA:375,0
DA:378,0
DA:385,0
DA:387,0
DA:388,0
DA:389,0
DA:390,0
DA:393,0
DA:394,0
DA:397,0
DA:404,0
DA:405,0
DA:406,0
DA:414,0
DA:416,0
DA:417,0
DA:418,0
DA:419,0
DA:420,0
DA:423,0
DA:424,0
DA:425,0
DA:429,0
DA:431,0
DA:432,0
DA:435,0
DA:436,0
DA:438,0
DA:439,0
DA:440,0
DA:441,0
DA:442,0
DA:446,0
DA:447,0
DA:451,0
DA:452,0
DA:453,0
DA:454,0
DA:465,0
DA:466,0
DA:467,0
DA:470,0
DA:471,0
DA:474,0
DA:475,0
DA:476,0
DA:478,0
DA:479,0
DA:481,0
DA:482,0
DA:485,0
DA:486,0
DA:487,0
DA:488,0
DA:489,0
DA:490,0
DA:494,0
DA:495,0
DA:496,0
DA:497,0
DA:500,0
DA:501,0
DA:504,0
DA:505,0
DA:506,0
DA:507,0
DA:511,0
DA:512,0
DA:513,0
DA:514,0
DA:515,0
DA:516,0
DA:523,0
DA:525,0
DA:526,0
DA:527,0
DA:534,0
DA:535,0
DA:536,0
DA:537,0
DA:539,0
DA:540,0
DA:541,0
DA:542,0
DA:545,0
DA:552,0
DA:553,0
DA:554,0
DA:555,0
DA:558,0
DA:559,0
DA:560,0
DA:561,0
DA:564,0
DA:570,0
DA:571,0
DA:573,0
DA:575,0
DA:579,0
DA:580,0
DA:581,0
DA:582,0
DA:583,0
DA:584,0
DA:589,0
DA:596,0
DA:597,0
DA:599,0
DA:600,0
DA:608,0
DA:620,0
DA:621,0
DA:623,0
DA:624,0
DA:627,0
DA:628,0
DA:631,0
DA:632,0
DA:635,0
DA:637,0
DA:638,0
DA:642,0
LF:263
LH:0
BRDA:15,0,0,0
BRDA:15,0,1,0
BRDA:34,1,0,0
BRDA:34,1,1,0
BRDA:107,2,0,0
BRDA:128,3,0,0
BRDA:139,4,0,0
BRDA:150,5,0,0
BRDA:158,6,0,0
BRDA:176,7,0,0
BRDA:177,8,0,0
BRDA:177,8,1,0
BRDA:188,9,0,0
BRDA:194,10,0,0
BRDA:259,11,0,0
BRDA:259,11,1,0
BRDA:339,12,0,0
BRDA:339,13,0,0
BRDA:339,13,1,0
BRDA:339,13,2,0
BRDA:356,14,0,0
BRDA:356,14,1,0
BRDA:358,15,0,0
BRDA:358,15,1,0
BRDA:368,16,0,0
BRDA:368,16,1,0
BRDA:385,17,0,0
BRDA:388,18,0,0
BRDA:404,19,0,0
BRDA:414,20,0,0
BRDA:423,21,0,0
BRDA:429,22,0,0
BRDA:429,22,1,0
BRDA:446,23,0,0
BRDA:451,24,0,0
BRDA:479,25,0,0
BRDA:479,25,1,0
BRDA:504,26,0,0
BRDA:523,27,0,0
BRDA:540,28,0,0
BRDA:540,29,0,0
BRDA:540,29,1,0
BRDA:552,30,0,0
BRDA:552,31,0,0
BRDA:552,31,1,0
BRDA:558,32,0,0
BRDA:564,33,0,0
BRDA:565,34,0,0
BRDA:565,34,1,0
BRDA:565,34,2,0
BRDA:565,34,3,0
BRDA:570,35,0,0
BRDA:570,35,1,0
BRDA:581,36,0,0
BRDA:581,37,0,0
BRDA:581,37,1,0
BRDA:599,38,0,0
BRDA:623,39,0,0
BRDA:627,40,0,0
BRDA:631,41,0,0
BRDA:635,42,0,0
BRF:61
BRH:0
end_of_record
TN:
SF:src/actors/Panel.ts
FN:33,(anonymous_0)
FN:41,(anonymous_1)
FN:42,(anonymous_2)
FN:46,(anonymous_3)
FN:47,(anonymous_4)
FN:51,(anonymous_5)
FN:52,(anonymous_6)
FN:56,(anonymous_7)
FN:57,(anonymous_8)
FN:61,(anonymous_9)
FN:62,(anonymous_10)
FN:67,(anonymous_11)
FN:71,(anonymous_12)
FN:77,(anonymous_13)
FN:81,(anonymous_14)
FN:87,(anonymous_15)
FN:91,(anonymous_16)
FN:97,(anonymous_17)
FN:101,(anonymous_18)
FN:109,(anonymous_19)
FN:113,(anonymous_20)
FN:119,(anonymous_21)
FN:126,(anonymous_22)
FN:134,(anonymous_23)
FN:138,(anonymous_24)
FN:144,(anonymous_25)
FN:156,(anonymous_26)
FN:163,(anonymous_27)
FN:174,(anonymous_28)
FN:205,(anonymous_29)
FN:226,(anonymous_30)
FNF:31
FNH:0
FNDA:0,(anonymous_0)
FNDA:0,(anonymous_1)
FNDA:0,(anonymous_2)
FNDA:0,(anonymous_3)
FNDA:0,(anonymous_4)
FNDA:0,(anonymous_5)
FNDA:0,(anonymous_6)
FNDA:0,(anonymous_7)
FNDA:0,(anonymous_8)
FNDA:0,(anonymous_9)
FNDA:0,(anonymous_10)
FNDA:0,(anonymous_11)
FNDA:0,(anonymous_12)
FNDA:0,(anonymous_13)
FNDA:0,(anonymous_14)
FNDA:0,(anonymous_15)
FNDA:0,(anonymous_16)
FNDA:0,(anonymous_17)
FNDA:0,(anonymous_18)
FNDA:0,(anonymous_19)
FNDA:0,(anonymous_20)
FNDA:0,(anonymous_21)
FNDA:0,(anonymous_22)
FNDA:0,(anonymous_23)
FNDA:0,(anonymous_24)
FNDA:0,(anonymous_25)
FNDA:0,(anonymous_26)
FNDA:0,(anonymous_27)
FNDA:0,(anonymous_28)
FNDA:0,(anonymous_29)
FNDA:0,(anonymous_30)
DA:7,0
DA:8,0
DA:10,0
DA:11,0
DA:12,0
DA:13,0
DA:14,0
DA:15,0
DA:16,0
DA:17,0
DA:18,0
DA:21,0
DA:22,0
DA:23,0
DA:24,0
DA:25,0
DA:27,0
DA:28,0
DA:29,0
DA:31,0
DA:34,0
DA:37,0
DA:40,0
DA:41,0
DA:42,0
DA:45,0
DA:46,0
DA:47,0
DA:50,0
DA:51,0
DA:52,0
DA:55,0
DA:56,0
DA:57,0
DA:60,0
DA:61,0
DA:62,0
DA:68,0
DA:72,0
DA:73,0
DA:78,0
DA:82,0
DA:83,0
DA:88,0
DA:92,0
DA:93,0
DA:98,0
DA:102,0
DA:103,0
DA:104,0
DA:110,0
DA:114,0
DA:115,0
DA:120,0
DA:121,0
DA:122,0
DA:127,0
DA:128,0
DA:129,0
DA:130,0
DA:135,0
DA:139,0
DA:140,0
DA:145,0
DA:146,0
DA:147,0
DA:148,0
DA:157,0
DA:158,0
DA:159,0
DA:164,0
DA:165,0
DA:175,0
DA:177,0
DA:178,0
DA:180,0
DA:182,0
DA:185,0
DA:187,0
DA:188,0
DA:192,0
DA:193,0
DA:194,0
DA:195,0
DA:196,0
DA:197,0
DA:202,0
DA:207,0
DA:208,0
DA:209,0
DA:210,0
DA:214,0
DA:215,0
DA:216,0
DA:217,0
DA:222,0
DA:227,0
DA:229,0
DA:230,0
DA:231,0
DA:232,0
DA:233,0
DA:234,0
DA:237,0
DA:238,0
DA:239,0
DA:240,0
DA:241,0
DA:242,0
DA:243,0
DA:244,0
DA:245,0
DA:246,0
DA:247,0
DA:249,0
DA:250,0
DA:252,0
DA:253,0
DA:254,0
DA:257,0
DA:258,0
DA:259,0
DA:260,0
DA:261,0
DA:262,0
DA:263,0
DA:264,0
DA:265,0
DA:267,0
DA:268,0
DA:271,0
DA:272,0
DA:273,0
DA:274,0
DA:276,0
DA:277,0
DA:280,0
DA:281,0
DA:282,0
DA:283,0
DA:285,0
DA:289,0
DA:290,0
DA:293,0
DA:295,0
DA:303,0
DA:304,0
DA:308,0
DA:309,0
DA:310,0
DA:312,0
DA:313,0
DA:314,0
DA:315,0
DA:316,0
DA:317,0
DA:321,0
DA:322,0
DA:324,0
DA:325,0
DA:326,0
DA:328,0
DA:329,0
DA:330,0
DA:331,0
DA:332,0
DA:336,0
LF:167
LH:0
BRDA:34,0,0,0
BRDA:34,0,1,0
BRDA:102,1,0,0
BRDA:120,2,0,0
BRDA:128,3,0,0
BRDA:157,4,0,0
BRDA:159,5,0,0
BRDA:159,5,1,0
BRDA:159,5,2,0
BRDA:159,5,3,0
BRDA:166,6,0,0
BRDA:166,6,1,0
BRDA:166,6,2,0
BRDA:166,6,3,0
BRDA:175,7,0,0
BRDA:177,8,0,0
BRDA:177,8,1,0
BRDA:185,9,0,0
BRDA:185,10,0,0
BRDA:185,10,1,0
BRDA:192,11,0,0
BRDA:195,12,0,0
BRDA:195,13,0,0
BRDA:195,13,1,0
BRDA:209,14,0,0
BRDA:214,15,0,0
BRDA:216,16,0,0
BRDA:227,17,0,0
BRDA:233,18,0,0
BRDA:233,18,1,0
BRDA:280,19,0,0
BRDA:280,19,1,0
BRDA:281,20,0,0
BRDA:281,20,1,0
BRDA:289,21,0,0
BRDA:293,22,0,0
BRDA:295,23,0,0
BRDA:295,23,1,0
BRDA:321,24,0,0
BRDA:329,25,0,0
BRF:40
BRH:0
end_of_record
TN:
SF:src/actors/Path.ts
FN:27,(anonymous_0)
FN:31,(anonymous_1)
FN:32,(anonymous_2)
FN:36,(anonymous_3)
FN:40,(anonymous_4)
FN:44,(anonymous_5)
FN:54,(anonymous_6)
FN:61,(anonymous_7)
FN:65,(anonymous_8)
FN:72,(anonymous_9)
FN:89,(anonymous_10)
FN:89,(anonymous_11)
FN:103,(anonymous_12)
FN:104,(anonymous_13)
FN:110,(anonymous_14)
FN:123,(anonymous_15)
FN:240,(anonymous_16)
FN:378,(anonymous_17)
FN:394,(anonymous_18)
FN:414,(anonymous_19)
FN:435,(anonymous_20)
FNF:21
FNH:13
FNDA:9,(anonymous_0)
FNDA:0,(anonymous_1)
FNDA:0,(anonymous_2)
FNDA:0,(anonymous_3)
FNDA:6,(anonymous_4)
FNDA:7,(anonymous_5)
FNDA:0,(anonymous_6)
FNDA:3,(anonymous_7)
FNDA:2,(anonymous_8)
FNDA:7,(anonymous_9)
FNDA:82,(anonymous_10)
FNDA:82,(anonymous_11)
FNDA:0,(anonymous_12)
FNDA:0,(anonymous_13)
FNDA:7,(anonymous_14)
FNDA:41,(anonymous_15)
FNDA:0,(anonymous_16)
FNDA:0,(anonymous_17)
FNDA:1,(anonymous_18)
FNDA:1,(anonymous_19)
FNDA:1,(anonymous_20)
DA:15,1
DA:22,1
DA:23,9
DA:24,9
DA:25,9
DA:28,9
DA:30,9
DA:31,0
DA:32,0
DA:35,9
DA:36,0
DA:41,6
DA:45,7
DA:46,7
DA:47,7
DA:48,7
DA:55,0
DA:56,0
DA:57,0
DA:58,0
DA:62,3
DA:66,2
DA:73,7
DA:74,7
DA:77,7
DA:80,7
DA:83,7
DA:84,32
DA:85,32
DA:88,32
DA:89,82
DA:92,32
DA:94,32
DA:95,5
DA:104,0
DA:111,7
DA:113,7
DA:114,7
DA:115,7
DA:116,7
DA:118,7
DA:119,7
DA:120,7
DA:121,7
DA:123,7
DA:124,41
DA:125,41
DA:126,41
DA:127,41
DA:130,7
DA:131,32
DA:132,32
DA:134,32
DA:136,7
DA:137,0
DA:138,0
DA:140,7
DA:141,7
DA:143,7
DA:144,7
DA:145,7
DA:146,7
DA:149,11
DA:150,0
DA:151,0
DA:153,11
DA:154,11
DA:156,11
DA:157,11
DA:160,0
DA:161,0
DA:163,0
DA:165,0
DA:166,0
DA:169,0
DA:170,0
DA:172,0
DA:174,0
DA:175,0
DA:178,5
DA:179,0
DA:180,0
DA:181,0
DA:182,0
DA:184,5
DA:185,5
DA:186,5
DA:187,5
DA:189,5
DA:190,5
DA:193,4
DA:194,0
DA:195,0
DA:196,0
DA:198,4
DA:199,4
DA:200,4
DA:202,4
DA:203,4
DA:206,0
DA:207,0
DA:208,0
DA:210,0
DA:211,0
DA:214,0
DA:215,0
DA:216,0
DA:217,0
DA:218,0
DA:221,5
DA:222,5
DA:223,5
DA:228,7
DA:229,7
DA:241,0
DA:242,0
DA:243,0
DA:244,0
DA:246,0
DA:248,0
DA:249,0
DA:250,0
DA:252,0
DA:254,0
DA:255,0
DA:256,0
DA:258,0
DA:259,0
DA:261,0
DA:262,0
DA:263,0
DA:264,0
DA:267,0
DA:268,0
DA:269,0
DA:271,0
DA:272,0
DA:274,0
DA:275,0
DA:278,0
DA:279,0
DA:281,0
DA:283,0
DA:284,0
DA:287,0
DA:288,0
DA:290,0
DA:292,0
DA:293,0
DA:296,0
DA:297,0
DA:305,0
DA:306,0
DA:308,0
DA:316,0
DA:317,0
DA:319,0
DA:322,0
DA:323,0
DA:329,0
DA:330,0
DA:332,0
DA:338,0
DA:339,0
DA:341,0
DA:345,0
DA:346,0
DA:347,0
DA:348,0
DA:351,0
DA:352,0
DA:354,0
DA:355,0
DA:356,0
DA:360,0
DA:361,0
DA:362,0
DA:364,0
DA:365,0
DA:367,0
DA:370,0
DA:371,0
DA:372,0
DA:373,0
DA:379,0
DA:381,0
DA:383,0
DA:384,0
DA:395,1
DA:396,1
DA:398,1
DA:407,1
DA:408,1
DA:415,1
DA:416,1
DA:418,1
DA:428,1
DA:429,1
DA:436,1
DA:437,1
DA:439,1
DA:450,1
DA:451,1
LF:203
LH:90
BRDA:28,0,0,9
BRDA:28,0,1,9
BRDA:88,1,0,27
BRDA:88,1,1,5
BRDA:94,2,0,5
BRDA:111,3,0,0
BRDA:134,4,0,7
BRDA:134,4,1,11
BRDA:134,4,2,0
BRDA:134,4,3,0
BRDA:134,4,4,5
BRDA:134,4,5,4
BRDA:134,4,6,0
BRDA:134,4,7,5
BRDA:136,5,0,0
BRDA:136,5,1,7
BRDA:137,6,0,0
BRDA:137,6,1,0
BRDA:138,7,0,0
BRDA:138,7,1,0
BRDA:140,8,0,7
BRDA:140,8,1,0
BRDA:141,9,0,7
BRDA:141,9,1,0
BRDA:149,10,0,0
BRDA:149,10,1,11
BRDA:150,11,0,0
BRDA:150,11,1,0
BRDA:151,12,0,0
BRDA:151,12,1,0
BRDA:153,13,0,11
BRDA:153,13,1,0
BRDA:154,14,0,11
BRDA:154,14,1,0
BRDA:160,15,0,0
BRDA:160,15,1,0
BRDA:161,16,0,0
BRDA:161,16,1,0
BRDA:163,17,0,0
BRDA:163,17,1,0
BRDA:169,18,0,0
BRDA:169,18,1,0
BRDA:170,19,0,0
BRDA:170,19,1,0
BRDA:172,20,0,0
BRDA:172,20,1,0
BRDA:178,21,0,0
BRDA:178,21,1,5
BRDA:179,22,0,0
BRDA:179,22,1,0
BRDA:179,23,0,0
BRDA:179,23,1,0
BRDA:180,24,0,0
BRDA:180,24,1,0
BRDA:180,25,0,0
BRDA:180,25,1,0
BRDA:181,26,0,0
BRDA:181,26,1,0
BRDA:182,27,0,0
BRDA:182,27,1,0
BRDA:184,28,0,5
BRDA:184,28,1,0
BRDA:184,29,0,5
BRDA:184,29,1,0
BRDA:185,30,0,5
BRDA:185,30,1,0
BRDA:185,31,0,5
BRDA:185,31,1,0
BRDA:186,32,0,5
BRDA:186,32,1,0
BRDA:187,33,0,5
BRDA:187,33,1,0
BRDA:193,34,0,0
BRDA:193,34,1,4
BRDA:194,35,0,0
BRDA:194,35,1,0
BRDA:194,36,0,0
BRDA:194,36,1,0
BRDA:195,37,0,0
BRDA:195,37,1,0
BRDA:196,38,0,0
BRDA:196,38,1,0
BRDA:198,39,0,4
BRDA:198,39,1,0
BRDA:198,40,0,4
BRDA:198,40,1,0
BRDA:199,41,0,4
BRDA:199,41,1,0
BRDA:200,42,0,4
BRDA:200,42,1,0
BRDA:206,43,0,0
BRDA:206,43,1,0
BRDA:207,44,0,0
BRDA:207,44,1,0
BRDA:208,45,0,0
BRDA:208,45,1,0
BRDA:210,46,0,0
BRDA:210,46,1,0
BRDA:211,47,0,0
BRDA:211,47,1,0
BRDA:214,48,0,0
BRDA:214,48,1,0
BRDA:215,49,0,0
BRDA:215,49,1,0
BRDA:252,50,0,0
BRDA:252,50,1,0
BRDA:252,50,2,0
BRDA:252,50,3,0
BRDA:252,50,4,0
BRDA:252,50,5,0
BRDA:252,50,6,0
BRDA:252,50,7,0
BRDA:254,51,0,0
BRDA:254,51,1,0
BRDA:255,52,0,0
BRDA:255,52,1,0
BRDA:256,53,0,0
BRDA:256,53,1,0
BRDA:258,54,0,0
BRDA:258,54,1,0
BRDA:259,55,0,0
BRDA:259,55,1,0
BRDA:267,56,0,0
BRDA:267,56,1,0
BRDA:268,57,0,0
BRDA:268,57,1,0
BRDA:269,58,0,0
BRDA:269,58,1,0
BRDA:271,59,0,0
BRDA:271,59,1,0
BRDA:272,60,0,0
BRDA:272,60,1,0
BRDA:278,61,0,0
BRDA:278,61,1,0
BRDA:279,62,0,0
BRDA:279,62,1,0
BRDA:281,63,0,0
BRDA:281,63,1,0
BRDA:287,64,0,0
BRDA:287,64,1,0
BRDA:288,65,0,0
BRDA:288,65,1,0
BRDA:290,66,0,0
BRDA:290,66,1,0
BRDA:296,67,0,0
BRDA:296,67,1,0
BRDA:298,68,0,0
BRDA:298,68,1,0
BRDA:299,69,0,0
BRDA:299,69,1,0
BRDA:300,70,0,0
BRDA:300,70,1,0
BRDA:301,71,0,0
BRDA:301,71,1,0
BRDA:302,72,0,0
BRDA:302,72,1,0
BRDA:303,73,0,0
BRDA:303,73,1,0
BRDA:305,74,0,0
BRDA:305,74,1,0
BRDA:306,75,0,0
BRDA:306,75,1,0
BRDA:309,76,0,0
BRDA:309,76,1,0
BRDA:310,77,0,0
BRDA:310,77,1,0
BRDA:311,78,0,0
BRDA:311,78,1,0
BRDA:312,79,0,0
BRDA:312,79,1,0
BRDA:313,80,0,0
BRDA:313,80,1,0
BRDA:314,81,0,0
BRDA:314,81,1,0
BRDA:316,82,0,0
BRDA:316,82,1,0
BRDA:317,83,0,0
BRDA:317,83,1,0
BRDA:322,84,0,0
BRDA:322,84,1,0
BRDA:324,85,0,0
BRDA:324,85,1,0
BRDA:325,86,0,0
BRDA:325,86,1,0
BRDA:326,87,0,0
BRDA:326,87,1,0
BRDA:327,88,0,0
BRDA:327,88,1,0
BRDA:329,89,0,0
BRDA:329,89,1,0
BRDA:330,90,0,0
BRDA:330,90,1,0
BRDA:333,91,0,0
BRDA:333,91,1,0
BRDA:334,92,0,0
BRDA:334,92,1,0
BRDA:335,93,0,0
BRDA:335,93,1,0
BRDA:336,94,0,0
BRDA:336,94,1,0
BRDA:338,95,0,0
BRDA:338,95,1,0
BRDA:339,96,0,0
BRDA:339,96,1,0
BRDA:345,97,0,0
BRDA:354,98,0,0
BRDA:379,99,0,0
BRDA:379,100,0,0
BRDA:379,100,1,0
BRF:209
BRH:28
end_of_record
TN:
SF:src/actors/Picture.ts
FN:19,(anonymous_0)
FN:23,(anonymous_1)
FN:24,(anonymous_2)
FN:28,(anonymous_3)
FN:29,(anonymous_4)
FN:33,(anonymous_5)
FN:34,(anonymous_6)
FN:41,(anonymous_7)
FN:45,(anonymous_8)
FN:56,(anonymous_9)
FN:60,(anonymous_10)
FN:68,(anonymous_11)
FN:72,(anonymous_12)
FN:82,(anonymous_13)
FN:88,(anonymous_14)
FN:101,(anonymous_15)
FN:112,(anonymous_16)
FN:124,(anonymous_17)
FN:137,(anonymous_18)
FN:153,(anonymous_19)
FN:163,(anonymous_20)
FN:176,(anonymous_21)
FN:194,(anonymous_22)
FN:201,(anonymous_23)
FN:206,(anonymous_24)
FN:216,(anonymous_25)
FN:227,createPicture
FNF:27
FNH:0
FNDA:0,(anonymous_0)
FNDA:0,(anonymous_1)
FNDA:0,(anonymous_2)
FNDA:0,(anonymous_3)
FNDA:0,(anonymous_4)
FNDA:0,(anonymous_5)
FNDA:0,(anonymous_6)
FNDA:0,(anonymous_7)
FNDA:0,(anonymous_8)
FNDA:0,(anonymous_9)
FNDA:0,(anonymous_10)
FNDA:0,(anonymous_11)
FNDA:0,(anonymous_12)
FNDA:0,(anonymous_13)
FNDA:0,(anonymous_14)
FNDA:0,(anonymous_15)
FNDA:0,(anonymous_16)
FNDA:0,(anonymous_17)
FNDA:0,(anonymous_18)
FNDA:0,(anonymous_19)
FNDA:0,(anonymous_20)
FNDA:0,(anonymous_21)
FNDA:0,(anonymous_22)
FNDA:0,(anonymous_23)
FNDA:0,(anonymous_24)
FNDA:0,(anonymous_25)
FNDA:0,createPicture
DA:7,0
DA:13,0
DA:14,0
DA:15,0
DA:16,0
DA:17,0
DA:20,0
DA:22,0
DA:23,0
DA:24,0
DA:27,0
DA:28,0
DA:29,0
DA:32,0
DA:33,0
DA:34,0
DA:42,0
DA:46,0
DA:48,0
DA:49,0
DA:57,0
DA:61,0
DA:62,0
DA:69,0
DA:73,0
DA:74,0
DA:75,0
DA:83,0
DA:84,0
DA:85,0
DA:86,0
DA:88,0
DA:89,0
DA:90,0
DA:91,0
DA:95,0
DA:102,0
DA:103,0
DA:104,0
DA:105,0
DA:107,0
DA:110,0
DA:112,0
DA:113,0
DA:114,0
DA:115,0
DA:118,0
DA:119,0
DA:124,0
DA:125,0
DA:126,0
DA:127,0
DA:131,0
DA:138,0
DA:139,0
DA:140,0
DA:143,0
DA:144,0
DA:147,0
DA:154,0
DA:155,0
DA:157,0
DA:164,0
DA:166,0
DA:167,0
DA:169,0
DA:170,0
DA:173,0
DA:177,0
DA:179,0
DA:180,0
DA:182,0
DA:183,0
DA:184,0
DA:185,0
DA:188,0
DA:195,0
DA:202,0
DA:203,0
DA:206,0
DA:207,0
DA:208,0
DA:210,0
DA:217,0
DA:218,0
DA:219,0
DA:227,0
DA:239,0
DA:240,0
DA:242,0
DA:243,0
DA:246,0
DA:247,0
DA:250,0
DA:251,0
DA:254,0
DA:255,0
DA:258,0
LF:98
LH:0
BRDA:20,0,0,0
BRDA:20,0,1,0
BRDA:48,1,0,0
BRDA:48,2,0,0
BRDA:48,2,1,0
BRDA:74,3,0,0
BRDA:90,4,0,0
BRDA:90,5,0,0
BRDA:90,5,1,0
BRDA:102,6,0,0
BRDA:104,7,0,0
BRDA:114,8,0,0
BRDA:118,9,0,0
BRDA:126,10,0,0
BRDA:138,11,0,0
BRDA:143,12,0,0
BRDA:154,13,0,0
BRDA:154,14,0,0
BRDA:154,14,1,0
BRDA:164,15,0,0
BRDA:169,16,0,0
BRDA:177,17,0,0
BRDA:183,18,0,0
BRDA:183,19,0,0
BRDA:183,19,1,0
BRDA:217,20,0,0
BRDA:217,21,0,0
BRDA:217,21,1,0
BRDA:242,22,0,0
BRDA:246,23,0,0
BRDA:250,24,0,0
BRDA:254,25,0,0
BRF:32
BRH:0
end_of_record
TN:
SF:src/actors/ProgressBar.ts
FN:27,(anonymous_0)
FN:32,(anonymous_1)
FN:33,(anonymous_2)
FN:37,(anonymous_3)
FN:38,(anonymous_4)
FN:42,(anonymous_5)
FN:43,(anonymous_6)
FN:47,(anonymous_7)
FN:48,(anonymous_8)
FN:52,(anonymous_9)
FN:53,(anonymous_10)
FN:57,(anonymous_11)
FN:58,(anonymous_12)
FN:62,(anonymous_13)
FN:66,(anonymous_14)
FN:82,(anonymous_15)
FN:86,(anonymous_16)
FN:90,(anonymous_17)
FN:95,(anonymous_18)
FN:99,(anonymous_19)
FN:104,(anonymous_20)
FN:110,(anonymous_21)
FN:115,(anonymous_22)
FN:119,(anonymous_23)
FN:124,(anonymous_24)
FN:128,(anonymous_25)
FN:135,(anonymous_26)
FN:148,(anonymous_27)
FN:155,(anonymous_28)
FN:162,(anonymous_29)
FN:169,(anonymous_30)
FN:176,(anonymous_31)
FN:180,(anonymous_32)
FN:231,(anonymous_33)
FN:271,(anonymous_34)
FN:280,(anonymous_35)
FN:290,(anonymous_36)
FNF:37
FNH:20
FNDA:15,(anonymous_0)
FNDA:0,(anonymous_1)
FNDA:0,(anonymous_2)
FNDA:0,(anonymous_3)
FNDA:0,(anonymous_4)
FNDA:0,(anonymous_5)
FNDA:0,(anonymous_6)
FNDA:0,(anonymous_7)
FNDA:0,(anonymous_8)
FNDA:0,(anonymous_9)
FNDA:0,(anonymous_10)
FNDA:0,(anonymous_11)
FNDA:0,(anonymous_12)
FNDA:8,(anonymous_13)
FNDA:10,(anonymous_14)
FNDA:0,(anonymous_15)
FNDA:3,(anonymous_16)
FNDA:2,(anonymous_17)
FNDA:2,(anonymous_18)
FNDA:1,(anonymous_19)
FNDA:1,(anonymous_20)
FNDA:1,(anonymous_21)
FNDA:1,(anonymous_22)
FNDA:1,(anonymous_23)
FNDA:1,(anonymous_24)
FNDA:1,(anonymous_25)
FNDA:3,(anonymous_26)
FNDA:0,(anonymous_27)
FNDA:1,(anonymous_28)
FNDA:1,(anonymous_29)
FNDA:1,(anonymous_30)
FNDA:1,(anonymous_31)
FNDA:0,(anonymous_32)
FNDA:0,(anonymous_33)
FNDA:1,(anonymous_34)
FNDA:1,(anonymous_35)
FNDA:0,(anonymous_36)
DA:12,1
DA:13,1
DA:17,1
DA:18,15
DA:19,15
DA:20,15
DA:21,15
DA:22,15
DA:23,15
DA:24,15
DA:25,15
DA:28,15
DA:31,15
DA:32,0
DA:33,0
DA:36,15
DA:37,0
DA:38,0
DA:41,15
DA:42,0
DA:43,0
DA:46,15
DA:47,0
DA:48,0
DA:51,15
DA:52,0
DA:53,0
DA:56,15
DA:57,0
DA:58,0
DA:63,8
DA:67,10
DA:69,10
DA:70,7
DA:71,3
DA:72,3
DA:73,3
DA:76,10
DA:83,0
DA:87,3
DA:91,2
DA:92,2
DA:96,2
DA:100,1
DA:101,1
DA:105,1
DA:111,1
DA:112,1
DA:116,1
DA:120,1
DA:121,1
DA:125,1
DA:129,1
DA:136,3
DA:138,3
DA:140,3
DA:141,0
DA:142,0
DA:144,3
DA:145,3
DA:148,3
DA:156,1
DA:163,1
DA:170,1
DA:177,1
DA:181,0
DA:183,0
DA:184,0
DA:185,0
DA:186,0
DA:187,0
DA:190,0
DA:191,0
DA:194,0
DA:195,0
DA:196,0
DA:197,0
DA:198,0
DA:202,0
DA:205,0
DA:206,0
DA:207,0
DA:208,0
DA:209,0
DA:212,0
DA:213,0
DA:214,0
DA:215,0
DA:219,0
DA:220,0
DA:223,0
DA:224,0
DA:235,0
DA:238,0
DA:239,0
DA:240,0
DA:241,0
DA:243,0
DA:244,0
DA:247,0
DA:248,0
DA:249,0
DA:250,0
DA:253,0
DA:254,0
DA:255,0
DA:257,0
DA:259,0
DA:262,0
DA:263,0
DA:264,0
DA:265,0
DA:272,1
DA:273,1
DA:274,1
DA:281,1
DA:282,1
DA:283,1
DA:284,1
DA:298,0
DA:299,0
DA:300,0
DA:301,0
DA:302,0
DA:304,0
LF:125
LH:57
BRDA:28,0,0,15
BRDA:28,0,1,15
BRDA:66,1,0,3
BRDA:69,2,0,7
BRDA:69,2,1,3
BRDA:71,3,0,3
BRDA:71,4,0,3
BRDA:71,4,1,3
BRDA:105,5,0,0
BRDA:105,5,1,1
BRDA:111,6,0,0
BRDA:111,6,1,1
BRDA:116,7,0,0
BRDA:116,7,1,1
BRDA:120,8,0,0
BRDA:120,8,1,1
BRDA:136,9,0,0
BRDA:140,10,0,0
BRDA:140,10,1,3
BRDA:155,11,0,0
BRDA:162,12,0,0
BRDA:181,13,0,0
BRDA:195,14,0,0
BRDA:205,15,0,0
BRDA:205,15,1,0
BRDA:223,16,0,0
BRDA:254,17,0,0
BRDA:257,18,0,0
BRDA:257,18,1,0
BRDA:301,19,0,0
BRF:30
BRH:13
end_of_record
TN:
SF:src/actors/RadioButton.ts
FN:33,(anonymous_0)
FN:44,(anonymous_1)
FN:45,(anonymous_2)
FN:49,(anonymous_3)
FN:50,(anonymous_4)
FN:54,(anonymous_5)
FN:55,(anonymous_6)
FN:59,(anonymous_7)
FN:60,(anonymous_8)
FN:64,(anonymous_9)
FN:65,(anonymous_10)
FN:70,(anonymous_11)
FN:80,(anonymous_12)
FN:93,(anonymous_13)
FN:106,(anonymous_14)
FN:110,(anonymous_15)
FN:125,(anonymous_16)
FN:129,(anonymous_17)
FN:135,(anonymous_18)
FN:139,(anonymous_19)
FN:149,(anonymous_20)
FN:153,(anonymous_21)
FN:159,(anonymous_22)
FN:163,(anonymous_23)
FN:169,(anonymous_24)
FN:176,(anonymous_25)
FN:188,(anonymous_26)
FN:235,(anonymous_27)
FNF:28
FNH:0
FNDA:0,(anonymous_0)
FNDA:0,(anonymous_1)
FNDA:0,(anonymous_2)
FNDA:0,(anonymous_3)
FNDA:0,(anonymous_4)
FNDA:0,(anonymous_5)
FNDA:0,(anonymous_6)
FNDA:0,(anonymous_7)
FNDA:0,(anonymous_8)
FNDA:0,(anonymous_9)
FNDA:0,(anonymous_10)
FNDA:0,(anonymous_11)
FNDA:0,(anonymous_12)
FNDA:0,(anonymous_13)
FNDA:0,(anonymous_14)
FNDA:0,(anonymous_15)
FNDA:0,(anonymous_16)
FNDA:0,(anonymous_17)
FNDA:0,(anonymous_18)
FNDA:0,(anonymous_19)
FNDA:0,(anonymous_20)
FNDA:0,(anonymous_21)
FNDA:0,(anonymous_22)
FNDA:0,(anonymous_23)
FNDA:0,(anonymous_24)
FNDA:0,(anonymous_25)
FNDA:0,(anonymous_26)
FNDA:0,(anonymous_27)
DA:7,0
DA:8,0
DA:11,0
DA:13,0
DA:14,0
DA:15,0
DA:16,0
DA:17,0
DA:18,0
DA:19,0
DA:20,0
DA:21,0
DA:24,0
DA:25,0
DA:26,0
DA:27,0
DA:28,0
DA:29,0
DA:31,0
DA:34,0
DA:37,0
DA:40,0
DA:43,0
DA:44,0
DA:45,0
DA:48,0
DA:49,0
DA:50,0
DA:53,0
DA:54,0
DA:55,0
DA:58,0
DA:59,0
DA:60,0
DA:63,0
DA:64,0
DA:65,0
DA:71,0
DA:72,0
DA:74,0
DA:75,0
DA:76,0
DA:81,0
DA:82,0
DA:83,0
DA:84,0
DA:85,0
DA:87,0
DA:88,0
DA:94,0
DA:95,0
DA:96,0
DA:97,0
DA:98,0
DA:99,0
DA:107,0
DA:111,0
DA:112,0
DA:113,0
DA:114,0
DA:115,0
DA:116,0
DA:118,0
DA:119,0
DA:120,0
DA:126,0
DA:130,0
DA:131,0
DA:136,0
DA:140,0
DA:141,0
DA:142,0
DA:143,0
DA:144,0
DA:150,0
DA:154,0
DA:155,0
DA:160,0
DA:164,0
DA:165,0
DA:170,0
DA:171,0
DA:172,0
DA:177,0
DA:178,0
DA:179,0
DA:180,0
DA:181,0
DA:184,0
DA:189,0
DA:191,0
DA:192,0
DA:193,0
DA:194,0
DA:197,0
DA:198,0
DA:199,0
DA:202,0
DA:203,0
DA:204,0
DA:207,0
DA:210,0
DA:211,0
DA:212,0
DA:213,0
DA:216,0
DA:217,0
DA:218,0
DA:219,0
DA:220,0
DA:224,0
DA:225,0
DA:227,0
DA:228,0
DA:229,0
DA:230,0
DA:231,0
DA:236,0
LF:118
LH:0
BRDA:34,0,0,0
BRDA:34,0,1,0
BRDA:71,1,0,0
BRDA:75,2,0,0
BRDA:82,3,0,0
BRDA:84,4,0,0
BRDA:87,5,0,0
BRDA:95,6,0,0
BRDA:97,7,0,0
BRDA:97,8,0,0
BRDA:97,8,1,0
BRDA:111,9,0,0
BRDA:111,9,1,0
BRDA:111,10,0,0
BRDA:111,10,1,0
BRDA:115,11,0,0
BRDA:118,12,0,0
BRDA:118,13,0,0
BRDA:118,13,1,0
BRDA:140,14,0,0
BRDA:170,15,0,0
BRDA:170,16,0,0
BRDA:170,16,1,0
BRDA:177,17,0,0
BRDA:180,18,0,0
BRDA:189,19,0,0
BRDA:205,20,0,0
BRDA:205,20,1,0
BRDA:210,21,0,0
BRDA:210,21,1,0
BRDA:210,22,0,0
BRDA:210,22,1,0
BRDA:211,23,0,0
BRDA:211,23,1,0
BRDA:212,24,0,0
BRDA:212,24,1,0
BRDA:212,25,0,0
BRDA:212,25,1,0
BRDA:216,26,0,0
BRDA:219,27,0,0
BRDA:219,27,1,0
BRDA:230,28,0,0
BRDA:230,28,1,0
BRF:43
BRH:0
end_of_record
TN:
SF:src/actors/Scroller.ts
FN:36,(anonymous_0)
FN:44,(anonymous_1)
FN:45,(anonymous_2)
FN:49,(anonymous_3)
FN:50,(anonymous_4)
FN:54,(anonymous_5)
FN:55,(anonymous_6)
FN:59,(anonymous_7)
FN:60,(anonymous_8)
FN:64,(anonymous_9)
FN:65,(anonymous_10)
FN:69,(anonymous_11)
FN:70,(anonymous_12)
FN:75,(anonymous_13)
FN:79,(anonymous_14)
FN:90,(anonymous_15)
FN:94,(anonymous_16)
FN:100,(anonymous_17)
FN:104,(anonymous_18)
FN:111,(anonymous_19)
FN:115,(anonymous_20)
FN:121,(anonymous_21)
FN:125,(anonymous_22)
FN:132,(anonymous_23)
FN:136,(anonymous_24)
FN:141,(anonymous_25)
FN:145,(anonymous_26)
FN:151,(anonymous_27)
FN:160,(anonymous_28)
FN:169,(anonymous_29)
FN:189,(anonymous_30)
FN:215,(anonymous_31)
FN:249,(anonymous_32)
FN:255,(anonymous_33)
FN:311,(anonymous_34)
FNF:35
FNH:0
FNDA:0,(anonymous_0)
FNDA:0,(anonymous_1)
FNDA:0,(anonymous_2)
FNDA:0,(anonymous_3)
FNDA:0,(anonymous_4)
FNDA:0,(anonymous_5)
FNDA:0,(anonymous_6)
FNDA:0,(anonymous_7)
FNDA:0,(anonymous_8)
FNDA:0,(anonymous_9)
FNDA:0,(anonymous_10)
FNDA:0,(anonymous_11)
FNDA:0,(anonymous_12)
FNDA:0,(anonymous_13)
FNDA:0,(anonymous_14)
FNDA:0,(anonymous_15)
FNDA:0,(anonymous_16)
FNDA:0,(anonymous_17)
FNDA:0,(anonymous_18)
FNDA:0,(anonymous_19)
FNDA:0,(anonymous_20)
FNDA:0,(anonymous_21)
FNDA:0,(anonymous_22)
FNDA:0,(anonymous_23)
FNDA:0,(anonymous_24)
FNDA:0,(anonymous_25)
FNDA:0,(anonymous_26)
FNDA:0,(anonymous_27)
FNDA:0,(anonymous_28)
FNDA:0,(anonymous_29)
FNDA:0,(anonymous_30)
FNDA:0,(anonymous_31)
FNDA:0,(anonymous_32)
FNDA:0,(anonymous_33)
FNDA:0,(anonymous_34)
DA:7,0
DA:8,0
DA:10,0
DA:11,0
DA:12,0
DA:13,0
DA:14,0
DA:15,0
DA:16,0
DA:17,0
DA:18,0
DA:21,0
DA:22,0
DA:23,0
DA:24,0
DA:25,0
DA:27,0
DA:28,0
DA:29,0
DA:30,0
DA:31,0
DA:32,0
DA:33,0
DA:34,0
DA:37,0
DA:40,0
DA:43,0
DA:44,0
DA:45,0
DA:48,0
DA:49,0
DA:50,0
DA:53,0
DA:54,0
DA:55,0
DA:58,0
DA:59,0
DA:60,0
DA:63,0
DA:64,0
DA:65,0
DA:68,0
DA:69,0
DA:70,0
DA:76,0
DA:80,0
DA:81,0
DA:82,0
DA:83,0
DA:84,0
DA:86,0
DA:91,0
DA:95,0
DA:96,0
DA:97,0
DA:101,0
DA:105,0
DA:106,0
DA:107,0
DA:112,0
DA:116,0
DA:117,0
DA:118,0
DA:122,0
DA:126,0
DA:127,0
DA:128,0
DA:133,0
DA:137,0
DA:138,0
DA:142,0
DA:146,0
DA:147,0
DA:152,0
DA:153,0
DA:154,0
DA:155,0
DA:157,0
DA:161,0
DA:162,0
DA:163,0
DA:164,0
DA:166,0
DA:170,0
DA:171,0
DA:174,0
DA:175,0
DA:176,0
DA:177,0
DA:178,0
DA:179,0
DA:181,0
DA:195,0
DA:196,0
DA:199,0
DA:200,0
DA:201,0
DA:202,0
DA:203,0
DA:204,0
DA:206,0
DA:217,0
DA:218,0
DA:225,0
DA:226,0
DA:227,0
DA:228,0
DA:232,0
DA:233,0
DA:240,0
DA:241,0
DA:242,0
DA:243,0
DA:246,0
DA:250,0
DA:251,0
DA:252,0
DA:257,0
DA:258,0
DA:259,0
DA:260,0
DA:261,0
DA:262,0
DA:263,0
DA:264,0
DA:265,0
DA:267,0
DA:271,0
DA:272,0
DA:273,0
DA:274,0
DA:275,0
DA:276,0
DA:277,0
DA:278,0
DA:279,0
DA:281,0
DA:285,0
DA:286,0
DA:287,0
DA:294,0
DA:295,0
DA:296,0
DA:303,0
DA:304,0
DA:307,0
DA:312,0
DA:314,0
DA:315,0
DA:316,0
DA:317,0
DA:318,0
DA:321,0
DA:322,0
DA:325,0
DA:326,0
DA:327,0
DA:330,0
DA:331,0
DA:333,0
DA:334,0
DA:336,0
DA:337,0
DA:338,0
DA:340,0
DA:341,0
DA:343,0
DA:347,0
DA:348,0
DA:350,0
DA:351,0
DA:355,0
DA:358,0
DA:359,0
DA:363,0
DA:364,0
DA:366,0
DA:367,0
DA:371,0
DA:374,0
DA:375,0
LF:181
LH:0
BRDA:37,0,0,0
BRDA:37,0,1,0
BRDA:81,1,0,0
BRDA:154,2,0,0
BRDA:163,3,0,0
BRDA:170,4,0,0
BRDA:170,5,0,0
BRDA:170,5,1,0
BRDA:195,6,0,0
BRDA:195,7,0,0
BRDA:195,7,1,0
BRDA:218,8,0,0
BRDA:219,9,0,0
BRDA:219,9,1,0
BRDA:219,9,2,0
BRDA:219,9,3,0
BRDA:219,9,4,0
BRDA:233,10,0,0
BRDA:234,11,0,0
BRDA:234,11,1,0
BRDA:234,11,2,0
BRDA:234,11,3,0
BRDA:234,11,4,0
BRDA:257,12,0,0
BRDA:262,13,0,0
BRDA:271,14,0,0
BRDA:276,15,0,0
BRDA:288,16,0,0
BRDA:288,16,1,0
BRDA:288,16,2,0
BRDA:288,16,3,0
BRDA:288,16,4,0
BRDA:297,17,0,0
BRDA:297,17,1,0
BRDA:297,17,2,0
BRDA:297,17,3,0
BRDA:297,17,4,0
BRDA:303,18,0,0
BRDA:303,19,0,0
BRDA:303,19,1,0
BRDA:312,20,0,0
BRDA:330,21,0,0
BRDA:348,22,0,0
BRDA:355,23,0,0
BRDA:355,23,1,0
BRDA:355,24,0,0
BRDA:355,24,1,0
BRDA:364,25,0,0
BRDA:371,26,0,0
BRDA:371,26,1,0
BRDA:371,27,0,0
BRDA:371,27,1,0
BRF:52
BRH:0
end_of_record
TN:
SF:src/actors/Slider.ts
FN:39,(anonymous_0)
FN:47,(anonymous_1)
FN:48,(anonymous_2)
FN:52,(anonymous_3)
FN:53,(anonymous_4)
FN:57,(anonymous_5)
FN:58,(anonymous_6)
FN:62,(anonymous_7)
FN:63,(anonymous_8)
FN:67,(anonymous_9)
FN:68,(anonymous_10)
FN:72,(anonymous_11)
FN:73,(anonymous_12)
FN:77,(anonymous_13)
FN:78,(anonymous_14)
FN:83,(anonymous_15)
FN:87,(anonymous_16)
FN:106,(anonymous_17)
FN:110,(anonymous_18)
FN:118,(anonymous_19)
FN:122,(anonymous_20)
FN:131,(anonymous_21)
FN:135,(anonymous_22)
FN:141,(anonymous_23)
FN:145,(anonymous_24)
FN:151,(anonymous_25)
FN:155,(anonymous_26)
FN:161,(anonymous_27)
FN:165,(anonymous_28)
FN:174,(anonymous_29)
FN:195,(anonymous_30)
FN:217,(anonymous_31)
FN:225,(anonymous_32)
FN:232,(anonymous_33)
FN:254,(anonymous_34)
FNF:35
FNH:0
FNDA:0,(anonymous_0)
FNDA:0,(anonymous_1)
FNDA:0,(anonymous_2)
FNDA:0,(anonymous_3)
FNDA:0,(anonymous_4)
FNDA:0,(anonymous_5)
FNDA:0,(anonymous_6)
FNDA:0,(anonymous_7)
FNDA:0,(anonymous_8)
FNDA:0,(anonymous_9)
FNDA:0,(anonymous_10)
FNDA:0,(anonymous_11)
FNDA:0,(anonymous_12)
FNDA:0,(anonymous_13)
FNDA:0,(anonymous_14)
FNDA:0,(anonymous_15)
FNDA:0,(anonymous_16)
FNDA:0,(anonymous_17)
FNDA:0,(anonymous_18)
FNDA:0,(anonymous_19)
FNDA:0,(anonymous_20)
FNDA:0,(anonymous_21)
FNDA:0,(anonymous_22)
FNDA:0,(anonymous_23)
FNDA:0,(anonymous_24)
FNDA:0,(anonymous_25)
FNDA:0,(anonymous_26)
FNDA:0,(anonymous_27)
FNDA:0,(anonymous_28)
FNDA:0,(anonymous_29)
FNDA:0,(anonymous_30)
FNDA:0,(anonymous_31)
FNDA:0,(anonymous_32)
FNDA:0,(anonymous_33)
FNDA:0,(anonymous_34)
DA:7,0
DA:8,0
DA:12,0
DA:13,0
DA:14,0
DA:15,0
DA:16,0
DA:17,0
DA:18,0
DA:19,0
DA:22,0
DA:23,0
DA:24,0
DA:25,0
DA:28,0
DA:29,0
DA:30,0
DA:31,0
DA:32,0
DA:33,0
DA:34,0
DA:36,0
DA:37,0
DA:40,0
DA:43,0
DA:46,0
DA:47,0
DA:48,0
DA:51,0
DA:52,0
DA:53,0
DA:56,0
DA:57,0
DA:58,0
DA:61,0
DA:62,0
DA:63,0
DA:66,0
DA:67,0
DA:68,0
DA:71,0
DA:72,0
DA:73,0
DA:76,0
DA:77,0
DA:78,0
DA:84,0
DA:89,0
DA:92,0
DA:93,0
DA:96,0
DA:97,0
DA:98,0
DA:99,0
DA:100,0
DA:107,0
DA:111,0
DA:112,0
DA:113,0
DA:115,0
DA:119,0
DA:123,0
DA:124,0
DA:125,0
DA:127,0
DA:132,0
DA:136,0
DA:137,0
DA:142,0
DA:146,0
DA:147,0
DA:152,0
DA:156,0
DA:157,0
DA:162,0
DA:166,0
DA:167,0
DA:168,0
DA:170,0
DA:175,0
DA:178,0
DA:179,0
DA:180,0
DA:181,0
DA:182,0
DA:184,0
DA:185,0
DA:186,0
DA:187,0
DA:190,0
DA:191,0
DA:196,0
DA:197,0
DA:199,0
DA:200,0
DA:201,0
DA:202,0
DA:203,0
DA:204,0
DA:205,0
DA:207,0
DA:208,0
DA:209,0
DA:210,0
DA:211,0
DA:212,0
DA:218,0
DA:219,0
DA:220,0
DA:221,0
DA:226,0
DA:227,0
DA:228,0
DA:233,0
DA:234,0
DA:235,0
DA:236,0
DA:237,0
DA:239,0
DA:240,0
DA:242,0
DA:243,0
DA:246,0
DA:247,0
DA:250,0
DA:255,0
DA:257,0
DA:258,0
DA:259,0
DA:260,0
DA:261,0
DA:263,0
DA:265,0
DA:267,0
DA:268,0
DA:269,0
DA:272,0
DA:273,0
DA:274,0
DA:275,0
DA:279,0
DA:280,0
DA:281,0
DA:284,0
DA:285,0
DA:286,0
DA:287,0
DA:292,0
DA:293,0
DA:294,0
DA:295,0
DA:298,0
DA:299,0
DA:300,0
DA:301,0
DA:304,0
DA:305,0
DA:306,0
DA:307,0
DA:308,0
DA:309,0
DA:311,0
DA:312,0
DA:314,0
LF:164
LH:0
BRDA:40,0,0,0
BRDA:40,0,1,0
BRDA:92,1,0,0
BRDA:96,2,0,0
BRDA:99,3,0,0
BRDA:112,4,0,0
BRDA:124,5,0,0
BRDA:167,6,0,0
BRDA:178,7,0,0
BRDA:178,7,1,0
BRDA:199,8,0,0
BRDA:199,8,1,0
BRDA:218,9,0,0
BRDA:226,10,0,0
BRDA:233,11,0,0
BRDA:242,12,0,0
BRDA:246,13,0,0
BRDA:255,14,0,0
BRDA:265,15,0,0
BRDA:265,15,1,0
BRDA:268,16,0,0
BRDA:268,16,1,0
BRDA:272,17,0,0
BRDA:280,18,0,0
BRDA:280,18,1,0
BRDA:284,19,0,0
BRDA:294,20,0,0
BRDA:294,20,1,0
BRDA:298,21,0,0
BRDA:298,21,1,0
BRDA:298,22,0,0
BRDA:298,22,1,0
BRDA:299,23,0,0
BRDA:299,23,1,0
BRDA:300,24,0,0
BRDA:300,24,1,0
BRDA:300,25,0,0
BRDA:300,25,1,0
BRDA:304,26,0,0
BRDA:305,27,0,0
BRDA:305,27,1,0
BRDA:309,28,0,0
BRDA:309,28,1,0
BRDA:311,29,0,0
BRDA:311,29,1,0
BRF:45
BRH:0
end_of_record
TN:
SF:src/actors/Sound.ts
FN:14,(anonymous_0)
FN:43,(anonymous_1)
FN:59,(anonymous_2)
FN:60,(anonymous_3)
FN:64,(anonymous_4)
FN:65,(anonymous_5)
FN:69,(anonymous_6)
FN:70,(anonymous_7)
FN:74,(anonymous_8)
FN:75,(anonymous_9)
FN:79,(anonymous_10)
FN:83,(anonymous_11)
FN:87,(anonymous_12)
FN:94,(anonymous_13)
FN:98,(anonymous_14)
FN:133,(anonymous_15)
FN:162,(anonymous_16)
FN:187,(anonymous_17)
FN:208,(anonymous_18)
FN:216,(anonymous_19)
FN:243,(anonymous_20)
FN:247,(anonymous_21)
FN:251,(anonymous_22)
FN:255,(anonymous_23)
FN:262,(anonymous_24)
FN:266,(anonymous_25)
FN:277,(anonymous_26)
FN:294,(anonymous_27)
FN:298,(anonymous_28)
FN:309,(anonymous_29)
FN:313,(anonymous_30)
FN:324,(anonymous_31)
FN:328,(anonymous_32)
FN:343,(anonymous_33)
FN:353,(anonymous_34)
FN:362,(anonymous_35)
FN:369,(anonymous_36)
FN:386,(anonymous_37)
FN:393,(anonymous_38)
FN:400,(anonymous_39)
FN:411,(anonymous_40)
FN:421,(anonymous_41)
FN:431,(anonymous_42)
FN:441,(anonymous_43)
FN:442,(anonymous_44)
FN:448,(anonymous_45)
FN:449,(anonymous_46)
FN:455,(anonymous_47)
FN:456,(anonymous_48)
FN:465,createSound
FNF:50
FNH:0
FNDA:0,(anonymous_0)
FNDA:0,(anonymous_1)
FNDA:0,(anonymous_2)
FNDA:0,(anonymous_3)
FNDA:0,(anonymous_4)
FNDA:0,(anonymous_5)
FNDA:0,(anonymous_6)
FNDA:0,(anonymous_7)
FNDA:0,(anonymous_8)
FNDA:0,(anonymous_9)
FNDA:0,(anonymous_10)
FNDA:0,(anonymous_11)
FNDA:0,(anonymous_12)
FNDA:0,(anonymous_13)
FNDA:0,(anonymous_14)
FNDA:0,(anonymous_15)
FNDA:0,(anonymous_16)
FNDA:0,(anonymous_17)
FNDA:0,(anonymous_18)
FNDA:0,(anonymous_19)
FNDA:0,(anonymous_20)
FNDA:0,(anonymous_21)
FNDA:0,(anonymous_22)
FNDA:0,(anonymous_23)
FNDA:0,(anonymous_24)
FNDA:0,(anonymous_25)
FNDA:0,(anonymous_26)
FNDA:0,(anonymous_27)
FNDA:0,(anonymous_28)
FNDA:0,(anonymous_29)
FNDA:0,(anonymous_30)
FNDA:0,(anonymous_31)
FNDA:0,(anonymous_32)
FNDA:0,(anonymous_33)
FNDA:0,(anonymous_34)
FNDA:0,(anonymous_35)
FNDA:0,(anonymous_36)
FNDA:0,(anonymous_37)
FNDA:0,(anonymous_38)
FNDA:0,(anonymous_39)
FNDA:0,(anonymous_40)
FNDA:0,(anonymous_41)
FNDA:0,(anonymous_42)
FNDA:0,(anonymous_43)
FNDA:0,(anonymous_44)
FNDA:0,(anonymous_45)
FNDA:0,(anonymous_46)
FNDA:0,(anonymous_47)
FNDA:0,(anonymous_48)
FNDA:0,createSound
DA:8,0
DA:9,0
DA:14,0
DA:15,0
DA:16,0
DA:17,0
DA:18,0
DA:19,0
DA:20,0
DA:21,0
DA:27,0
DA:28,0
DA:29,0
DA:30,0
DA:31,0
DA:32,0
DA:33,0
DA:34,0
DA:35,0
DA:36,0
DA:37,0
DA:38,0
DA:41,0
DA:44,0
DA:47,0
DA:48,0
DA:49,0
DA:51,0
DA:55,0
DA:58,0
DA:59,0
DA:60,0
DA:63,0
DA:64,0
DA:65,0
DA:68,0
DA:69,0
DA:70,0
DA:73,0
DA:74,0
DA:75,0
DA:78,0
DA:79,0
DA:82,0
DA:83,0
DA:86,0
DA:87,0
DA:95,0
DA:99,0
DA:100,0
DA:102,0
DA:103,0
DA:104,0
DA:106,0
DA:107,0
DA:110,0
DA:111,0
DA:113,0
DA:114,0
DA:117,0
DA:119,0
DA:120,0
DA:122,0
DA:123,0
DA:126,0
DA:134,0
DA:135,0
DA:136,0
DA:140,0
DA:141,0
DA:145,0
DA:148,0
DA:149,0
DA:151,0
DA:152,0
DA:153,0
DA:155,0
DA:158,0
DA:159,0
DA:162,0
DA:163,0
DA:164,0
DA:166,0
DA:167,0
DA:170,0
DA:175,0
DA:176,0
DA:177,0
DA:178,0
DA:180,0
DA:181,0
DA:184,0
DA:188,0
DA:189,0
DA:193,0
DA:196,0
DA:197,0
DA:199,0
DA:201,0
DA:202,0
DA:205,0
DA:209,0
DA:210,0
DA:213,0
DA:217,0
DA:218,0
DA:219,0
DA:223,0
DA:226,0
DA:227,0
DA:229,0
DA:230,0
DA:232,0
DA:233,0
DA:236,0
DA:244,0
DA:248,0
DA:252,0
DA:256,0
DA:263,0
DA:267,0
DA:269,0
DA:270,0
DA:278,0
DA:280,0
DA:281,0
DA:282,0
DA:283,0
DA:288,0
DA:295,0
DA:299,0
DA:301,0
DA:302,0
DA:310,0
DA:314,0
DA:316,0
DA:317,0
DA:325,0
DA:329,0
DA:331,0
DA:332,0
DA:333,0
DA:334,0
DA:337,0
DA:347,0
DA:354,0
DA:355,0
DA:363,0
DA:370,0
DA:371,0
DA:372,0
DA:379,0
DA:380,0
DA:381,0
DA:387,0
DA:394,0
DA:401,0
DA:402,0
DA:403,0
DA:404,0
DA:412,0
DA:413,0
DA:414,0
DA:415,0
DA:422,0
DA:423,0
DA:424,0
DA:432,0
DA:433,0
DA:434,0
DA:442,0
DA:449,0
DA:456,0
DA:457,0
DA:458,0
DA:465,0
DA:474,0
DA:475,0
DA:477,0
DA:478,0
DA:481,0
DA:482,0
DA:485,0
DA:486,0
DA:489,0
DA:490,0
DA:493,0
LF:187
LH:0
BRDA:14,0,0,0
BRDA:14,0,1,0
BRDA:44,1,0,0
BRDA:44,1,1,0
BRDA:47,2,0,0
BRDA:106,3,0,0
BRDA:113,4,0,0
BRDA:122,5,0,0
BRDA:133,6,0,0
BRDA:134,7,0,0
BRDA:134,8,0,0
BRDA:134,8,1,0
BRDA:140,9,0,0
BRDA:163,10,0,0
BRDA:163,11,0,0
BRDA:163,11,1,0
BRDA:166,12,0,0
BRDA:180,13,0,0
BRDA:188,14,0,0
BRDA:188,15,0,0
BRDA:188,15,1,0
BRDA:188,15,2,0
BRDA:201,16,0,0
BRDA:209,17,0,0
BRDA:217,18,0,0
BRDA:229,19,0,0
BRDA:229,20,0,0
BRDA:229,20,1,0
BRDA:232,21,0,0
BRDA:256,22,0,0
BRDA:256,22,1,0
BRDA:256,22,2,0
BRDA:269,23,0,0
BRDA:278,24,0,0
BRDA:278,25,0,0
BRDA:278,25,1,0
BRDA:301,26,0,0
BRDA:316,27,0,0
BRDA:325,28,0,0
BRDA:325,28,1,0
BRDA:329,29,0,0
BRDA:331,30,0,0
BRDA:331,30,1,0
BRDA:333,31,0,0
BRDA:354,32,0,0
BRDA:354,33,0,0
BRDA:354,33,1,0
BRDA:363,34,0,0
BRDA:363,34,1,0
BRDA:402,35,0,0
BRDA:423,36,0,0
BRDA:433,37,0,0
BRDA:477,38,0,0
BRDA:481,39,0,0
BRDA:485,40,0,0
BRDA:489,41,0,0
BRF:56
BRH:0
end_of_record
TN:
SF:src/actors/Star.ts
FN:18,(anonymous_0)
FN:26,(anonymous_1)
FN:27,(anonymous_2)
FN:31,(anonymous_3)
FN:32,(anonymous_4)
FN:36,(anonymous_5)
FN:37,(anonymous_6)
FN:41,(anonymous_7)
FN:42,(anonymous_8)
FN:46,(anonymous_9)
FN:47,(anonymous_10)
FN:51,(anonymous_11)
FN:55,(anonymous_12)
FN:61,(anonymous_13)
FN:65,(anonymous_14)
FN:71,(anonymous_15)
FN:75,(anonymous_16)
FN:81,(anonymous_17)
FN:85,(anonymous_18)
FN:91,(anonymous_19)
FN:95,(anonymous_20)
FN:104,(anonymous_21)
FN:114,(anonymous_22)
FN:123,(anonymous_23)
FN:135,(anonymous_24)
FN:150,(anonymous_25)
FN:173,(anonymous_26)
FN:195,(anonymous_27)
FNF:28
FNH:13
FNDA:10,(anonymous_0)
FNDA:0,(anonymous_1)
FNDA:0,(anonymous_2)
FNDA:0,(anonymous_3)
FNDA:0,(anonymous_4)
FNDA:0,(anonymous_5)
FNDA:0,(anonymous_6)
FNDA:0,(anonymous_7)
FNDA:0,(anonymous_8)
FNDA:0,(anonymous_9)
FNDA:0,(anonymous_10)
FNDA:3,(anonymous_11)
FNDA:3,(anonymous_12)
FNDA:3,(anonymous_13)
FNDA:2,(anonymous_14)
FNDA:3,(anonymous_15)
FNDA:4,(anonymous_16)
FNDA:1,(anonymous_17)
FNDA:0,(anonymous_18)
FNDA:1,(anonymous_19)
FNDA:0,(anonymous_20)
FNDA:2,(anonymous_21)
FNDA:21,(anonymous_22)
FNDA:11,(anonymous_23)
FNDA:0,(anonymous_24)
FNDA:0,(anonymous_25)
FNDA:0,(anonymous_26)
FNDA:11,(anonymous_27)
DA:8,1
DA:9,1
DA:11,1
DA:12,10
DA:13,10
DA:14,10
DA:15,10
DA:16,10
DA:19,10
DA:22,10
DA:25,10
DA:26,0
DA:27,0
DA:30,10
DA:31,0
DA:32,0
DA:35,10
DA:36,0
DA:37,0
DA:40,10
DA:41,0
DA:42,0
DA:45,10
DA:46,0
DA:47,0
DA:52,3
DA:56,3
DA:57,3
DA:58,3
DA:62,3
DA:66,2
DA:67,2
DA:68,2
DA:72,3
DA:76,4
DA:77,4
DA:78,4
DA:82,1
DA:86,0
DA:87,0
DA:88,0
DA:92,1
DA:96,0
DA:97,0
DA:98,0
DA:105,2
DA:106,2
DA:107,2
DA:108,2
DA:115,21
DA:116,21
DA:117,21
DA:124,11
DA:136,0
DA:137,0
DA:139,0
DA:140,0
DA:141,0
DA:142,0
DA:143,0
DA:144,0
DA:147,0
DA:151,0
DA:153,0
DA:155,0
DA:157,0
DA:158,0
DA:160,0
DA:161,0
DA:164,0
DA:166,0
DA:167,0
DA:174,0
DA:177,0
DA:178,0
DA:179,0
DA:180,0
DA:181,0
DA:182,0
DA:184,0
DA:186,0
DA:189,0
DA:196,11
DA:197,11
LF:84
LH:39
BRDA:19,0,0,10
BRDA:19,0,1,10
BRDA:141,1,0,0
BRDA:141,1,1,0
BRDA:151,2,0,0
BRDA:155,3,0,0
BRDA:184,4,0,0
BRDA:184,4,1,0
BRDA:186,5,0,0
BRF:9
BRH:2
end_of_record
TN:
SF:src/actors/TextBox.ts
FN:33,(anonymous_0)
FN:41,(anonymous_1)
FN:42,(anonymous_2)
FN:46,(anonymous_3)
FN:47,(anonymous_4)
FN:51,(anonymous_5)
FN:52,(anonymous_6)
FN:56,(anonymous_7)
FN:57,(anonymous_8)
FN:61,(anonymous_9)
FN:62,(anonymous_10)
FN:66,(anonymous_11)
FN:67,(anonymous_12)
FN:71,(anonymous_13)
FN:72,(anonymous_14)
FN:76,(anonymous_15)
FN:77,(anonymous_16)
FN:84,(anonymous_17)
FN:85,(anonymous_18)
FN:92,(anonymous_19)
FN:96,(anonymous_20)
FN:102,(anonymous_21)
FN:106,(anonymous_22)
FN:112,(anonymous_23)
FN:116,(anonymous_24)
FN:121,(anonymous_25)
FN:125,(anonymous_26)
FN:130,(anonymous_27)
FN:134,(anonymous_28)
FN:140,(anonymous_29)
FN:144,(anonymous_30)
FN:149,(anonymous_31)
FN:153,(anonymous_32)
FN:158,(anonymous_33)
FN:162,(anonymous_34)
FN:170,(anonymous_35)
FN:178,(anonymous_36)
FN:187,(anonymous_37)
FN:197,(anonymous_38)
FN:246,(anonymous_39)
FN:262,(anonymous_40)
FN:334,(anonymous_41)
FN:361,(anonymous_42)
FN:378,(anonymous_43)
FNF:44
FNH:18
FNDA:11,(anonymous_0)
FNDA:0,(anonymous_1)
FNDA:0,(anonymous_2)
FNDA:0,(anonymous_3)
FNDA:0,(anonymous_4)
FNDA:0,(anonymous_5)
FNDA:0,(anonymous_6)
FNDA:0,(anonymous_7)
FNDA:0,(anonymous_8)
FNDA:0,(anonymous_9)
FNDA:0,(anonymous_10)
FNDA:0,(anonymous_11)
FNDA:0,(anonymous_12)
FNDA:0,(anonymous_13)
FNDA:0,(anonymous_14)
FNDA:0,(anonymous_15)
FNDA:0,(anonymous_16)
FNDA:0,(anonymous_17)
FNDA:0,(anonymous_18)
FNDA:2,(anonymous_19)
FNDA:1,(anonymous_20)
FNDA:0,(anonymous_21)
FNDA:0,(anonymous_22)
FNDA:3,(anonymous_23)
FNDA:2,(anonymous_24)
FNDA:3,(anonymous_25)
FNDA:2,(anonymous_26)
FNDA:2,(anonymous_27)
FNDA:1,(anonymous_28)
FNDA:3,(anonymous_29)
FNDA:2,(anonymous_30)
FNDA:1,(anonymous_31)
FNDA:1,(anonymous_32)
FNDA:2,(anonymous_33)
FNDA:1,(anonymous_34)
FNDA:1,(anonymous_35)
FNDA:1,(anonymous_36)
FNDA:1,(anonymous_37)
FNDA:0,(anonymous_38)
FNDA:0,(anonymous_39)
FNDA:0,(anonymous_40)
FNDA:0,(anonymous_41)
FNDA:0,(anonymous_42)
FNDA:0,(anonymous_43)
DA:13,1
DA:14,1
DA:15,1
DA:19,1
DA:20,11
DA:22,11
DA:23,11
DA:24,11
DA:25,11
DA:26,11
DA:27,11
DA:30,11
DA:31,11
DA:34,11
DA:36,11
DA:37,11
DA:40,11
DA:41,0
DA:42,0
DA:45,11
DA:46,0
DA:47,0
DA:50,11
DA:51,0
DA:52,0
DA:55,11
DA:56,0
DA:57,0
DA:60,11
DA:61,0
DA:62,0
DA:65,11
DA:66,0
DA:67,0
DA:70,11
DA:71,0
DA:72,0
DA:75,11
DA:76,0
DA:78,0
DA:79,0
DA:83,11
DA:84,0
DA:86,0
DA:87,0
DA:93,2
DA:97,1
DA:98,1
DA:99,1
DA:103,0
DA:107,0
DA:108,0
DA:109,0
DA:113,3
DA:117,2
DA:118,2
DA:122,3
DA:126,2
DA:127,2
DA:131,2
DA:135,1
DA:136,1
DA:137,1
DA:141,3
DA:145,2
DA:146,2
DA:150,1
DA:154,1
DA:155,1
DA:159,2
DA:163,1
DA:164,1
DA:171,1
DA:172,1
DA:179,1
DA:180,1
DA:181,1
DA:188,1
DA:189,1
DA:190,1
DA:191,1
DA:198,0
DA:199,0
DA:202,0
DA:203,0
DA:206,0
DA:207,0
DA:209,0
DA:211,0
DA:212,0
DA:213,0
DA:214,0
DA:217,0
DA:218,0
DA:220,0
DA:221,0
DA:222,0
DA:224,0
DA:225,0
DA:226,0
DA:228,0
DA:232,0
DA:233,0
DA:237,0
DA:238,0
DA:240,0
DA:247,0
DA:249,0
DA:250,0
DA:253,0
DA:254,0
DA:258,0
DA:263,0
DA:265,0
DA:266,0
DA:267,0
DA:268,0
DA:269,0
DA:272,0
DA:273,0
DA:274,0
DA:275,0
DA:279,0
DA:280,0
DA:281,0
DA:282,0
DA:286,0
DA:287,0
DA:288,0
DA:289,0
DA:292,0
DA:295,0
DA:296,0
DA:297,0
DA:300,0
DA:301,0
DA:302,0
DA:307,0
DA:308,0
DA:310,0
DA:311,0
DA:312,0
DA:313,0
DA:315,0
DA:318,0
DA:321,0
DA:322,0
DA:326,0
DA:327,0
DA:341,0
DA:342,0
DA:343,0
DA:344,0
DA:347,0
DA:348,0
DA:351,0
DA:352,0
DA:354,0
DA:355,0
DA:364,0
DA:365,0
DA:367,0
DA:368,0
DA:369,0
DA:370,0
DA:371,0
DA:372,0
DA:379,0
DA:380,0
LF:169
LH:57
BRDA:34,0,0,11
BRDA:34,0,1,11
BRDA:198,1,0,0
BRDA:198,2,0,0
BRDA:198,2,1,0
BRDA:212,3,0,0
BRDA:221,4,0,0
BRDA:221,4,1,0
BRDA:224,5,0,0
BRDA:224,5,1,0
BRDA:224,6,0,0
BRDA:224,6,1,0
BRDA:232,7,0,0
BRDA:247,8,0,0
BRDA:247,8,1,0
BRDA:247,8,2,0
BRDA:247,8,3,0
BRDA:263,9,0,0
BRDA:272,10,0,0
BRDA:279,11,0,0
BRDA:302,12,0,0
BRDA:302,12,1,0
BRDA:307,13,0,0
BRDA:307,13,1,0
BRDA:321,14,0,0
BRDA:326,15,0,0
BRF:26
BRH:2
end_of_record
TN:
SF:src/actors/TreeView.ts
FN:52,(anonymous_0)
FN:60,(anonymous_1)
FN:61,(anonymous_2)
FN:65,(anonymous_3)
FN:66,(anonymous_4)
FN:70,(anonymous_5)
FN:71,(anonymous_6)
FN:76,(anonymous_7)
FN:80,(anonymous_8)
FN:81,(anonymous_9)
FN:85,(anonymous_10)
FN:90,(anonymous_11)
FN:97,(anonymous_12)
FN:103,(anonymous_13)
FN:109,(anonymous_14)
FN:113,(anonymous_15)
FN:125,(anonymous_16)
FN:129,(anonymous_17)
FN:157,(anonymous_18)
FN:164,(anonymous_19)
FN:170,(anonymous_20)
FN:199,(anonymous_21)
FN:218,(anonymous_22)
FN:226,(anonymous_23)
FN:231,(anonymous_24)
FN:235,(anonymous_25)
FN:241,(anonymous_26)
FN:245,(anonymous_27)
FN:251,(anonymous_28)
FN:263,(anonymous_29)
FN:267,(anonymous_30)
FN:282,(anonymous_31)
FN:287,(anonymous_32)
FN:310,(anonymous_33)
FN:333,(anonymous_34)
FN:341,(anonymous_35)
FN:362,(anonymous_36)
FN:370,(anonymous_37)
FN:387,(anonymous_38)
FN:407,(anonymous_39)
FN:453,(anonymous_40)
FNF:41
FNH:0
FNDA:0,(anonymous_0)
FNDA:0,(anonymous_1)
FNDA:0,(anonymous_2)
FNDA:0,(anonymous_3)
FNDA:0,(anonymous_4)
FNDA:0,(anonymous_5)
FNDA:0,(anonymous_6)
FNDA:0,(anonymous_7)
FNDA:0,(anonymous_8)
FNDA:0,(anonymous_9)
FNDA:0,(anonymous_10)
FNDA:0,(anonymous_11)
FNDA:0,(anonymous_12)
FNDA:0,(anonymous_13)
FNDA:0,(anonymous_14)
FNDA:0,(anonymous_15)
FNDA:0,(anonymous_16)
FNDA:0,(anonymous_17)
FNDA:0,(anonymous_18)
FNDA:0,(anonymous_19)
FNDA:0,(anonymous_20)
FNDA:0,(anonymous_21)
FNDA:0,(anonymous_22)
FNDA:0,(anonymous_23)
FNDA:0,(anonymous_24)
FNDA:0,(anonymous_25)
FNDA:0,(anonymous_26)
FNDA:0,(anonymous_27)
FNDA:0,(anonymous_28)
FNDA:0,(anonymous_29)
FNDA:0,(anonymous_30)
FNDA:0,(anonymous_31)
FNDA:0,(anonymous_32)
FNDA:0,(anonymous_33)
FNDA:0,(anonymous_34)
FNDA:0,(anonymous_35)
FNDA:0,(anonymous_36)
FNDA:0,(anonymous_37)
FNDA:0,(anonymous_38)
FNDA:0,(anonymous_39)
FNDA:0,(anonymous_40)
DA:8,0
DA:9,0
DA:10,0
DA:27,0
DA:28,0
DA:29,0
DA:30,0
DA:31,0
DA:32,0
DA:33,0
DA:34,0
DA:37,0
DA:38,0
DA:39,0
DA:40,0
DA:41,0
DA:44,0
DA:45,0
DA:46,0
DA:47,0
DA:48,0
DA:49,0
DA:50,0
DA:53,0
DA:56,0
DA:59,0
DA:60,0
DA:61,0
DA:64,0
DA:65,0
DA:66,0
DA:69,0
DA:70,0
DA:71,0
DA:77,0
DA:81,0
DA:82,0
DA:86,0
DA:87,0
DA:91,0
DA:92,0
DA:93,0
DA:94,0
DA:98,0
DA:103,0
DA:110,0
DA:114,0
DA:115,0
DA:116,0
DA:117,0
DA:118,0
DA:119,0
DA:120,0
DA:122,0
DA:126,0
DA:130,0
DA:132,0
DA:134,0
DA:135,0
DA:138,0
DA:139,0
DA:142,0
DA:145,0
DA:146,0
DA:147,0
DA:158,0
DA:159,0
DA:160,0
DA:165,0
DA:166,0
DA:171,0
DA:172,0
DA:174,0
DA:175,0
DA:176,0
DA:179,0
DA:188,0
DA:189,0
DA:200,0
DA:201,0
DA:202,0
DA:205,0
DA:206,0
DA:207,0
DA:219,0
DA:220,0
DA:222,0
DA:227,0
DA:232,0
DA:236,0
DA:237,0
DA:238,0
DA:242,0
DA:246,0
DA:247,0
DA:252,0
DA:253,0
DA:254,0
DA:255,0
DA:256,0
DA:259,0
DA:264,0
DA:265,0
DA:267,0
DA:268,0
DA:269,0
DA:271,0
DA:272,0
DA:277,0
DA:278,0
DA:283,0
DA:288,0
DA:289,0
DA:295,0
DA:298,0
DA:299,0
DA:300,0
DA:302,0
DA:303,0
DA:306,0
DA:315,0
DA:316,0
DA:317,0
DA:318,0
DA:319,0
DA:321,0
DA:322,0
DA:324,0
DA:334,0
DA:335,0
DA:336,0
DA:337,0
DA:340,0
DA:341,0
DA:342,0
DA:343,0
DA:344,0
DA:348,0
DA:349,0
DA:350,0
DA:351,0
DA:355,0
DA:356,0
DA:359,0
DA:363,0
DA:364,0
DA:365,0
DA:367,0
DA:372,0
DA:373,0
DA:381,0
DA:382,0
DA:383,0
DA:384,0
DA:388,0
DA:389,0
DA:392,0
DA:393,0
DA:394,0
DA:398,0
DA:399,0
DA:400,0
DA:403,0
DA:408,0
DA:410,0
DA:413,0
DA:414,0
DA:422,0
DA:423,0
DA:424,0
DA:432,0
DA:433,0
DA:434,0
DA:435,0
DA:438,0
DA:439,0
DA:440,0
DA:443,0
DA:444,0
DA:447,0
DA:450,0
DA:458,0
DA:459,0
DA:460,0
DA:461,0
DA:462,0
DA:465,0
DA:466,0
DA:467,0
DA:468,0
DA:469,0
DA:470,0
DA:474,0
DA:475,0
DA:476,0
DA:477,0
DA:480,0
DA:481,0
DA:482,0
DA:483,0
DA:485,0
DA:486,0
DA:488,0
DA:490,0
DA:491,0
DA:492,0
DA:495,0
DA:496,0
DA:497,0
DA:500,0
DA:501,0
DA:505,0
DA:506,0
DA:507,0
DA:508,0
DA:509,0
DA:510,0
DA:514,0
DA:515,0
DA:516,0
DA:517,0
DA:520,0
LF:222
LH:0
BRDA:53,0,0,0
BRDA:53,0,1,0
BRDA:100,1,0,0
BRDA:100,1,1,0
BRDA:101,2,0,0
BRDA:101,2,1,0
BRDA:102,3,0,0
BRDA:102,3,1,0
BRDA:104,4,0,0
BRDA:104,4,1,0
BRDA:104,5,0,0
BRDA:104,5,1,0
BRDA:115,6,0,0
BRDA:115,6,1,0
BRDA:117,7,0,0
BRDA:117,8,0,0
BRDA:117,8,1,0
BRDA:129,9,0,0
BRDA:130,10,0,0
BRDA:134,11,0,0
BRDA:134,12,0,0
BRDA:134,12,1,0
BRDA:138,13,0,0
BRDA:146,14,0,0
BRDA:158,15,0,0
BRDA:172,16,0,0
BRDA:174,17,0,0
BRDA:188,18,0,0
BRDA:188,19,0,0
BRDA:188,19,1,0
BRDA:200,20,0,0
BRDA:206,21,0,0
BRDA:219,22,0,0
BRDA:219,22,1,0
BRDA:251,23,0,0
BRDA:253,24,0,0
BRDA:254,25,0,0
BRDA:256,26,0,0
BRDA:271,27,0,0
BRDA:271,28,0,0
BRDA:271,28,1,0
BRDA:271,28,2,0
BRDA:289,29,0,0
BRDA:290,30,0,0
BRDA:290,30,1,0
BRDA:290,30,2,0
BRDA:290,30,3,0
BRDA:302,31,0,0
BRDA:302,32,0,0
BRDA:302,32,1,0
BRDA:321,33,0,0
BRDA:321,33,1,0
BRDA:322,34,0,0
BRDA:325,35,0,0
BRDA:325,35,1,0
BRDA:325,35,2,0
BRDA:325,35,3,0
BRDA:335,36,0,0
BRDA:335,37,0,0
BRDA:335,37,1,0
BRDA:342,38,0,0
BRDA:348,39,0,0
BRDA:355,40,0,0
BRDA:364,41,0,0
BRDA:372,42,0,0
BRDA:372,43,0,0
BRDA:372,43,1,0
BRDA:389,44,0,0
BRDA:389,44,1,0
BRDA:392,45,0,0
BRDA:398,46,0,0
BRDA:398,47,0,0
BRDA:398,47,1,0
BRDA:398,47,2,0
BRDA:408,48,0,0
BRDA:443,49,0,0
BRDA:443,50,0,0
BRDA:443,50,1,0
BRDA:460,51,0,0
BRDA:460,51,1,0
BRDA:465,52,0,0
BRDA:465,52,1,0
BRDA:468,53,0,0
BRDA:468,54,0,0
BRDA:468,54,1,0
BRDA:480,55,0,0
BRDA:480,55,1,0
BRDA:481,56,0,0
BRDA:482,57,0,0
BRDA:482,57,1,0
BRDA:488,58,0,0
[...]
DA:606,51
DA:610,44
DA:612,44
DA:619,120
DA:621,120
DA:627,141
DA:630,120
DA:631,0
DA:634,120
DA:635,103
DA:638,17
DA:645,14450
DA:646,14446
DA:653,754
DA:654,754
DA:656,0
DA:663,1985
DA:664,1985
DA:666,1985
DA:673,33688
DA:680,1985
DA:687,18504
DA:694,3
DA:695,129
DA:696,129
LF:272
LH:244
BRDA:59,0,0,2453
BRDA:59,0,1,2215
BRDA:75,1,0,44
BRDA:75,2,0,425
BRDA:75,2,1,423
BRDA:80,3,0,38
BRDA:84,4,0,9
BRDA:88,5,0,27
BRDA:92,6,0,12
BRDA:96,7,0,7
BRDA:101,8,0,5
BRDA:106,9,0,56
BRDA:119,10,0,104
BRDA:147,11,0,480
BRDA:147,12,0,691
BRDA:147,12,1,231
BRDA:163,13,0,12
BRDA:163,14,0,673
BRDA:163,14,1,665
BRDA:180,15,0,58
BRDA:182,16,0,58
BRDA:186,17,0,47
BRDA:189,18,0,61
BRDA:189,18,1,14
BRDA:200,19,0,2
BRDA:209,20,0,4
BRDA:227,21,0,327
BRDA:232,22,0,32
BRDA:237,23,0,15
BRDA:242,24,0,9
BRDA:247,25,0,2
BRDA:253,26,0,0
BRDA:258,27,0,0
BRDA:263,28,0,8
BRDA:271,29,0,3
BRDA:276,30,0,3
BRDA:281,31,0,3
BRDA:286,32,0,5
BRDA:291,33,0,371
BRDA:329,34,0,0
BRDA:332,35,0,0
BRDA:332,35,1,0
BRDA:346,36,0,0
BRDA:352,37,0,0
BRDA:352,37,1,0
BRDA:371,38,0,2
BRDA:377,39,0,5
BRDA:377,39,1,3
BRDA:394,40,0,5
BRDA:400,41,0,1
BRDA:409,42,0,6
BRDA:409,42,1,1
BRDA:417,43,0,4
BRDA:417,43,1,1
BRDA:420,44,0,8
BRDA:420,44,1,4
BRDA:447,45,0,22
BRDA:447,45,1,22
BRDA:451,46,0,6
BRDA:451,46,1,16
BRDA:482,47,0,1
BRDA:490,48,0,12
BRDA:520,49,0,2
BRDA:536,50,0,1
BRDA:536,51,0,56
BRDA:536,51,1,56
BRDA:560,52,0,44
BRDA:560,53,0,44
BRDA:560,53,1,44
BRDA:562,54,0,56
BRDA:562,54,1,56
BRDA:564,55,0,9
BRDA:565,56,0,56
BRDA:565,56,1,56
BRDA:565,56,2,56
BRDA:565,56,3,56
BRDA:565,56,4,55
BRDA:576,57,0,0
BRDA:583,58,0,3
BRDA:594,59,0,12
BRDA:594,59,1,35
BRDA:605,60,0,95
BRDA:605,60,1,51
BRDA:622,61,0,261
BRDA:622,61,1,261
BRDA:622,61,2,175
BRDA:622,61,3,153
BRDA:630,62,0,0
BRDA:634,63,0,103
BRDA:645,64,0,4
BRDA:653,65,0,754
BRDA:663,66,0,1985
BRDA:687,67,0,18504
BRDA:687,67,1,18504
BRF:94
BRH:84
end_of_record
TN:
SF:src/sk8script/stdlib/collection.ts
FN:13,(anonymous_0)
FN:26,(anonymous_1)
FN:39,(anonymous_2)
FN:52,(anonymous_3)
FN:65,(anonymous_4)
FN:75,(anonymous_5)
FN:85,(anonymous_6)
FN:101,(anonymous_7)
FN:117,(anonymous_8)
FN:127,(anonymous_9)
FN:137,(anonymous_10)
FN:141,(anonymous_11)
FN:153,(anonymous_12)
FN:164,(anonymous_13)
FN:175,(anonymous_14)
FN:189,(anonymous_15)
FN:199,(anonymous_16)
FN:205,(anonymous_17)
FN:246,(anonymous_18)
FN:256,(anonymous_19)
FN:266,(anonymous_20)
FN:276,(anonymous_21)
FN:288,(anonymous_22)
FN:309,(anonymous_23)
FN:319,(anonymous_24)
FN:329,(anonymous_25)
FN:339,(anonymous_26)
FN:351,(anonymous_27)
FNF:28
FNH:28
FNDA:2,(anonymous_0)
FNDA:2,(anonymous_1)
FNDA:2,(anonymous_2)
FNDA:2,(anonymous_3)
FNDA:1,(anonymous_4)
FNDA:1,(anonymous_5)
FNDA:1,(anonymous_6)
FNDA:1,(anonymous_7)
FNDA:2,(anonymous_8)
FNDA:1,(anonymous_9)
FNDA:2,(anonymous_10)
FNDA:8,(anonymous_11)
FNDA:1,(anonymous_12)
FNDA:1,(anonymous_13)
FNDA:1,(anonymous_14)
FNDA:1,(anonymous_15)
FNDA:6,(anonymous_16)
FNDA:3,(anonymous_17)
FNDA:1,(anonymous_18)
FNDA:1,(anonymous_19)
FNDA:1,(anonymous_20)
FNDA:1,(anonymous_21)
FNDA:1,(anonymous_22)
FNDA:1,(anonymous_23)
FNDA:1,(anonymous_24)
FNDA:1,(anonymous_25)
FNDA:1,(anonymous_26)
FNDA:2,(anonymous_27)
DA:7,1
DA:13,1
DA:14,2
DA:15,2
DA:17,2
DA:18,0
DA:20,2
DA:26,1
DA:27,2
DA:28,2
DA:30,2
DA:31,0
DA:33,2
DA:39,1
DA:40,2
DA:41,2
DA:43,2
DA:44,0
DA:46,2
DA:52,1
DA:53,2
DA:54,2
DA:56,2
DA:57,0
DA:59,2
DA:65,1
DA:66,1
DA:67,1
DA:69,1
DA:75,1
DA:76,1
DA:77,1
DA:79,1
DA:85,1
DA:86,1
DA:87,1
DA:88,1
DA:90,1
DA:91,1
DA:92,0
DA:95,1
DA:101,1
DA:102,1
DA:103,1
DA:104,1
DA:106,1
DA:107,1
DA:108,0
DA:111,1
DA:117,1
DA:118,2
DA:119,2
DA:121,2
DA:127,1
DA:128,1
DA:129,1
DA:131,1
DA:137,1
DA:138,2
DA:139,2
DA:141,2
DA:142,8
DA:143,4
DA:145,4
DA:153,1
DA:154,1
DA:155,1
DA:156,1
DA:158,1
DA:164,1
DA:165,1
DA:166,1
DA:167,1
DA:169,1
DA:175,1
DA:176,1
DA:177,1
DA:178,1
DA:180,1
DA:181,1
DA:183,0
DA:189,1
DA:190,1
DA:191,1
DA:192,1
DA:194,1
DA:195,1
DA:196,0
DA:199,6
DA:205,1
DA:206,3
DA:208,3
DA:209,3
DA:210,3
DA:212,3
DA:213,1
DA:214,1
DA:215,2
DA:216,1
DA:217,1
DA:218,1
DA:221,3
DA:222,3
DA:223,3
DA:225,3
DA:226,0
DA:229,3
DA:230,3
DA:231,3
DA:232,16
DA:235,0
DA:236,0
DA:240,3
DA:246,1
DA:247,1
DA:248,1
DA:250,1
DA:256,1
DA:257,1
DA:258,1
DA:260,1
DA:266,1
DA:267,1
DA:268,1
DA:270,1
DA:276,1
DA:277,1
DA:278,1
DA:279,2
DA:282,1
DA:288,1
DA:289,1
DA:290,1
DA:291,1
DA:293,1
DA:295,1
DA:296,1
DA:297,1
DA:298,1
DA:301,0
DA:309,1
DA:310,1
DA:311,1
DA:313,1
DA:319,1
DA:320,1
DA:321,1
DA:323,1
DA:329,1
DA:330,1
DA:331,1
DA:333,1
DA:339,1
DA:340,1
DA:341,1
DA:342,2
DA:345,1
DA:351,1
DA:352,2
DA:353,2
DA:354,2
DA:356,2
DA:362,1
LF:163
LH:151
BRDA:17,0,0,0
BRDA:30,1,0,0
BRDA:43,2,0,0
BRDA:56,3,0,0
BRDA:91,4,0,0
BRDA:91,5,0,1
BRDA:91,5,1,1
BRDA:107,6,0,0
BRDA:107,7,0,1
BRDA:107,7,1,1
BRDA:142,8,0,4
BRDA:142,9,0,8
BRDA:142,9,1,4
BRDA:180,10,0,1
BRDA:195,11,0,0
BRDA:212,12,0,1
BRDA:212,12,1,2
BRDA:215,13,0,1
BRDA:225,14,0,0
BRDA:230,15,0,3
BRDA:230,15,1,0
BRDA:295,16,0,1
BRF:22
BRH:13
end_of_record
TN:
SF:src/sk8script/stdlib/io.ts
FN:13,(anonymous_0)
FN:21,(anonymous_1)
FN:29,(anonymous_2)
FN:37,(anonymous_3)
FN:45,(anonymous_4)
FN:53,(anonymous_5)
FN:61,(anonymous_6)
FN:70,(anonymous_7)
FN:82,(anonymous_8)
FN:96,(anonymous_9)
FN:104,(anonymous_10)
FN:120,(anonymous_11)
FN:130,(anonymous_12)
FN:140,(anonymous_13)
FN:149,(anonymous_14)
FN:158,(anonymous_15)
FN:171,(anonymous_16)
FN:184,(anonymous_17)
FN:200,(anonymous_18)
FN:215,(anonymous_19)
FNF:20
FNH:0
FNDA:0,(anonymous_0)
FNDA:0,(anonymous_1)
FNDA:0,(anonymous_2)
FNDA:0,(anonymous_3)
FNDA:0,(anonymous_4)
FNDA:0,(anonymous_5)
FNDA:0,(anonymous_6)
FNDA:0,(anonymous_7)
FNDA:0,(anonymous_8)
FNDA:0,(anonymous_9)
FNDA:0,(anonymous_10)
FNDA:0,(anonymous_11)
FNDA:0,(anonymous_12)
FNDA:0,(anonymous_13)
FNDA:0,(anonymous_14)
FNDA:0,(anonymous_15)
FNDA:0,(anonymous_16)
FNDA:0,(anonymous_17)
FNDA:0,(anonymous_18)
FNDA:0,(anonymous_19)
DA:7,1
DA:13,1
DA:14,0
DA:15,0
DA:21,1
DA:22,0
DA:23,0
DA:29,1
DA:30,0
DA:31,0
DA:37,1
DA:38,0
DA:39,0
DA:45,1
DA:46,0
DA:47,0
DA:53,1
DA:54,0
DA:55,0
DA:61,1
DA:62,0
DA:63,0
DA:64,0
DA:70,1
DA:71,0
DA:73,0
DA:74,0
DA:76,0
DA:77,0
DA:78,0
DA:82,0
DA:83,0
DA:84,0
DA:87,0
DA:88,0
DA:89,0
DA:90,0
DA:91,0
DA:92,0
DA:94,0
DA:95,0
DA:96,0
DA:97,0
DA:100,0
DA:101,0
DA:102,0
DA:103,0
DA:104,0
DA:106,0
DA:109,0
DA:112,0
DA:113,0
DA:114,0
DA:120,1
DA:121,0
DA:122,0
DA:123,0
DA:124,0
DA:130,1
DA:131,0
DA:132,0
DA:133,0
DA:134,0
DA:140,1
DA:141,0
DA:142,0
DA:143,0
DA:149,1
DA:150,0
DA:151,0
DA:152,0
DA:158,1
DA:159,0
DA:160,0
DA:161,0
DA:163,0
DA:165,0
DA:171,1
DA:172,0
DA:173,0
DA:174,0
DA:176,0
DA:177,0
DA:184,1
DA:185,0
DA:186,0
DA:187,0
DA:189,0
DA:190,0
DA:192,0
DA:193,0
DA:200,1
DA:201,0
DA:202,0
DA:203,0
DA:205,0
DA:206,0
DA:209,0
DA:215,1
DA:216,0
DA:217,0
DA:218,0
DA:224,1
LF:103
LH:19
BRDA:15,0,0,0
BRDA:15,0,1,0
BRDA:23,1,0,0
BRDA:23,1,1,0
BRDA:31,2,0,0
BRDA:31,2,1,0
BRDA:39,3,0,0
BRDA:39,3,1,0
BRDA:47,4,0,0
BRDA:47,4,1,0
BRDA:55,5,0,0
BRDA:55,5,1,0
BRDA:74,6,0,0
BRDA:74,6,1,0
BRDA:76,7,0,0
BRDA:82,8,0,0
BRDA:83,9,0,0
BRDA:87,10,0,0
BRDA:88,11,0,0
BRDA:89,12,0,0
BRDA:90,13,0,0
BRDA:91,14,0,0
BRDA:92,15,0,0
BRDA:92,16,0,0
BRDA:92,16,1,0
BRDA:94,17,0,0
BRDA:95,18,0,0
BRDA:100,19,0,0
BRDA:102,20,0,0
BRDA:122,21,0,0
BRDA:122,21,1,0
BRDA:132,22,0,0
BRDA:132,22,1,0
BRDA:141,23,0,0
BRDA:141,23,1,0
BRDA:160,24,0,0
BRDA:160,24,1,0
BRDA:160,25,0,0
BRDA:160,25,1,0
BRDA:173,26,0,0
BRDA:173,26,1,0
BRDA:173,27,0,0
BRDA:173,27,1,0
BRDA:187,28,0,0
BRDA:187,28,1,0
BRDA:189,29,0,0
BRDA:189,29,1,0
BRDA:189,30,0,0
BRDA:189,30,1,0
BRDA:203,31,0,0
BRDA:203,31,1,0
BRDA:205,32,0,0
BRDA:216,33,0,0
BRDA:216,33,1,0
BRF:54
BRH:0
end_of_record
TN:
SF:src/sk8script/stdlib/math.ts
FN:19,(anonymous_0)
FN:28,(anonymous_1)
FN:37,(anonymous_2)
FN:46,(anonymous_3)
FN:55,(anonymous_4)
FN:67,(anonymous_5)
FN:77,(anonymous_6)
FN:88,(anonymous_7)
FN:99,(anonymous_8)
FN:108,(anonymous_9)
FN:119,(anonymous_10)
FN:128,(anonymous_11)
FN:137,(anonymous_12)
FN:146,(anonymous_13)
FN:158,(anonymous_14)
FN:170,(anonymous_15)
FN:179,(anonymous_16)
FN:191,(anonymous_17)
FN:200,(anonymous_18)
FN:211,(anonymous_19)
FN:219,(anonymous_20)
FN:231,(anonymous_21)
FN:245,(anonymous_22)
FN:257,(anonymous_23)
FN:269,(anonymous_24)
FN:280,(anonymous_25)
FN:281,(anonymous_26)
FNF:27
FNH:27
FNDA:3,(anonymous_0)
FNDA:3,(anonymous_1)
FNDA:3,(anonymous_2)
FNDA:3,(anonymous_3)
FNDA:4,(anonymous_4)
FNDA:3,(anonymous_5)
FNDA:2,(anonymous_6)
FNDA:2,(anonymous_7)
FNDA:3,(anonymous_8)
FNDA:2,(anonymous_9)
FNDA:2,(anonymous_10)
FNDA:2,(anonymous_11)
FNDA:1,(anonymous_12)
FNDA:2,(anonymous_13)
FNDA:2,(anonymous_14)
FNDA:1,(anonymous_15)
FNDA:1,(anonymous_16)
FNDA:2,(anonymous_17)
FNDA:2,(anonymous_18)
FNDA:1,(anonymous_19)
FNDA:1,(anonymous_20)
FNDA:10,(anonymous_21)
FNDA:2,(anonymous_22)
FNDA:2,(anonymous_23)
FNDA:2,(anonymous_24)
FNDA:1,(anonymous_25)
FNDA:1,(anonymous_26)
DA:7,1
DA:13,1
DA:14,1
DA:19,1
DA:20,3
DA:21,3
DA:22,3
DA:28,1
DA:29,3
DA:30,3
DA:31,3
DA:37,1
DA:38,3
DA:39,3
DA:40,3
DA:46,1
DA:47,3
DA:48,3
DA:49,3
DA:55,1
DA:56,4
DA:57,4
DA:58,4
DA:59,1
DA:61,3
DA:67,1
DA:68,3
DA:69,3
DA:70,3
DA:71,3
DA:77,1
DA:78,2
DA:79,2
DA:80,5
DA:82,2
DA:88,1
DA:89,2
DA:90,2
DA:91,5
DA:93,2
DA:99,1
DA:100,3
DA:101,3
DA:102,3
DA:108,1
DA:109,2
DA:110,2
DA:111,2
DA:119,1
DA:120,2
DA:121,2
DA:122,2
DA:128,1
DA:129,2
DA:130,2
DA:131,2
DA:137,1
DA:138,1
DA:139,1
DA:140,1
DA:146,1
DA:147,2
DA:148,2
DA:149,2
DA:150,0
DA:152,2
DA:158,1
DA:159,2
DA:160,2
DA:161,2
DA:162,0
DA:164,2
DA:170,1
DA:171,1
DA:172,1
DA:173,1
DA:179,1
DA:180,1
DA:181,1
DA:182,1
DA:183,1
DA:191,1
DA:192,2
DA:193,2
DA:194,2
DA:200,1
DA:201,2
DA:202,2
DA:203,2
DA:211,1
DA:212,1
DA:213,1
DA:219,1
DA:220,1
DA:221,1
DA:222,1
DA:223,1
DA:224,1
DA:225,1
DA:231,1
DA:232,10
DA:233,10
DA:234,10
DA:235,10
DA:236,10
DA:237,10
DA:245,1
DA:246,2
DA:247,2
DA:248,2
DA:249,0
DA:251,2
DA:257,1
DA:258,2
DA:259,2
DA:260,2
DA:261,0
DA:263,2
DA:269,1
DA:270,2
DA:271,2
DA:272,2
DA:278,1
DA:280,1
DA:281,1
LF:125
LH:121
BRDA:58,0,0,1
BRDA:149,1,0,0
BRDA:149,2,0,2
BRDA:149,2,1,2
BRDA:161,3,0,0
BRDA:161,4,0,2
BRDA:161,4,1,2
BRDA:248,5,0,0
BRDA:260,6,0,0
BRF:9
BRH:5
end_of_record
TN:
SF:src/sk8script/stdlib/object.ts
FN:13,(anonymous_0)
FN:28,(anonymous_1)
FN:48,(anonymous_2)
FN:51,(anonymous_3)
FN:59,(anonymous_4)
FN:79,(anonymous_5)
FN:101,(anonymous_6)
FN:126,(anonymous_7)
FN:146,(anonymous_8)
FN:168,(anonymous_9)
FN:192,(anonymous_10)
FN:213,(anonymous_11)
FN:241,(anonymous_12)
FN:271,(anonymous_13)
FN:298,(anonymous_14)
FN:323,(anonymous_15)
FN:336,(anonymous_16)
FN:349,(anonymous_17)
FN:362,(anonymous_18)
FNF:19
FNH:17
FNDA:1,(anonymous_0)
FNDA:1,(anonymous_1)
FNDA:1,(anonymous_2)
FNDA:4,(anonymous_3)
FNDA:0,(anonymous_4)
FNDA:1,(anonymous_5)
FNDA:1,(anonymous_6)
FNDA:1,(anonymous_7)
FNDA:2,(anonymous_8)
FNDA:1,(anonymous_9)
FNDA:0,(anonymous_10)
FNDA:1,(anonymous_11)
FNDA:1,(anonymous_12)
FNDA:1,(anonymous_13)
FNDA:1,(anonymous_14)
FNDA:1,(anonymous_15)
FNDA:2,(anonymous_16)
FNDA:1,(anonymous_17)
FNDA:2,(anonymous_18)
DA:7,1
DA:13,1
DA:14,1
DA:16,1
DA:17,1
DA:21,0
DA:22,0
DA:28,1
DA:29,1
DA:31,1
DA:33,1
DA:34,0
DA:37,1
DA:38,1
DA:42,0
DA:48,1
DA:49,1
DA:51,1
DA:52,4
DA:53,4
DA:54,3
DA:55,3
DA:56,3
DA:58,3
DA:59,0
DA:62,3
DA:63,3
DA:64,3
DA:65,3
DA:67,3
DA:70,0
DA:73,1
DA:79,1
DA:80,1
DA:81,1
DA:83,1
DA:84,1
DA:86,1
DA:87,0
DA:91,1
DA:92,0
DA:95,1
DA:101,1
DA:102,1
DA:103,1
DA:105,1
DA:106,1
DA:107,1
DA:109,1
DA:110,0
DA:114,1
DA:115,0
DA:117,1
DA:120,1
DA:126,1
DA:127,1
DA:129,1
DA:131,1
DA:132,0
DA:136,1
DA:137,0
DA:140,1
DA:146,1
DA:147,2
DA:148,2
DA:150,2
DA:151,2
DA:153,2
DA:154,0
DA:158,2
DA:159,0
DA:162,2
DA:168,1
DA:169,1
DA:170,1
DA:172,1
DA:173,1
DA:175,1
DA:176,0
DA:180,1
DA:181,0
DA:183,1
DA:186,1
DA:192,1
DA:193,0
DA:195,0
DA:197,0
DA:198,0
DA:202,0
DA:203,0
DA:207,0
DA:213,1
DA:214,1
DA:216,1
DA:218,1
DA:219,0
DA:223,1
DA:224,0
DA:228,1
DA:229,1
DA:230,2
DA:231,1
DA:235,1
DA:241,1
DA:242,1
DA:244,1
DA:245,1
DA:246,1
DA:248,1
DA:249,0
DA:252,1
DA:255,1
DA:256,0
DA:260,1
DA:261,1
DA:262,0
DA:265,1
DA:271,1
DA:272,1
DA:274,1
DA:275,1
DA:276,1
DA:278,1
DA:279,0
DA:282,1
DA:283,1
DA:286,1
DA:287,0
DA:289,1
DA:292,1
DA:298,1
DA:299,1
DA:301,1
DA:302,1
DA:304,1
DA:305,0
DA:308,1
DA:311,1
DA:312,0
DA:314,1
DA:317,1
DA:323,1
DA:324,1
DA:326,1
DA:327,0
DA:330,1
DA:336,1
DA:337,2
DA:339,2
DA:340,0
DA:343,2
DA:349,1
DA:350,1
DA:352,1
DA:353,0
DA:356,1
DA:362,1
DA:363,2
DA:365,2
DA:366,0
DA:369,2
DA:375,1
LF:162
LH:126
BRDA:16,0,0,1
BRDA:33,1,0,0
BRDA:37,2,0,1
BRDA:52,3,0,0
BRDA:52,4,0,4
BRDA:52,4,1,4
BRDA:53,5,0,1
BRDA:54,6,0,0
BRDA:55,7,0,0
BRDA:56,8,0,0
BRDA:58,9,0,0
BRDA:62,10,0,3
BRDA:86,11,0,0
BRDA:91,12,0,0
BRDA:109,13,0,0
BRDA:114,14,0,0
BRDA:114,14,1,1
BRDA:131,15,0,0
BRDA:136,16,0,0
BRDA:153,17,0,0
BRDA:158,18,0,0
BRDA:175,19,0,0
BRDA:180,20,0,0
BRDA:180,20,1,1
BRDA:197,21,0,0
BRDA:202,22,0,0
BRDA:202,23,0,0
BRDA:202,23,1,0
BRDA:218,24,0,0
BRDA:223,25,0,0
BRDA:230,26,0,1
BRDA:248,27,0,0
BRDA:255,28,0,0
BRDA:261,29,0,0
BRDA:278,30,0,0
BRDA:286,31,0,0
BRDA:286,31,1,1
BRDA:304,32,0,0
BRDA:311,33,0,0
BRDA:311,33,1,1
BRDA:326,34,0,0
BRDA:339,35,0,0
BRDA:352,36,0,0
BRDA:365,37,0,0
BRF:44
BRH:11
end_of_record
TN:
SF:src/sk8script/stdlib/stdlib.ts
FN:30,(anonymous_0)
FN:43,(anonymous_1)
FN:45,(anonymous_2)
FN:47,(anonymous_3)
FN:49,(anonymous_4)
FN:51,(anonymous_5)
FN:54,(anonymous_6)
FN:56,(anonymous_7)
FN:59,(anonymous_8)
FN:61,(anonymous_9)
FN:67,requireArgs
FN:90,requireType
FN:107,(anonymous_12)
FN:114,(anonymous_13)
FN:124,(anonymous_14)
FN:133,(anonymous_15)
FN:140,(anonymous_16)
FN:147,(anonymous_17)
FN:154,(anonymous_18)
FN:165,(anonymous_19)
FN:172,(anonymous_20)
FN:179,(anonymous_21)
FNF:22
FNH:15
FNDA:1,(anonymous_0)
FNDA:135,(anonymous_1)
FNDA:94,(anonymous_2)
FNDA:15,(anonymous_3)
FNDA:39,(anonymous_4)
FNDA:14,(anonymous_5)
FNDA:11,(anonymous_6)
FNDA:16,(anonymous_7)
FNDA:8,(anonymous_8)
FNDA:5,(anonymous_9)
FNDA:192,requireArgs
FNDA:222,requireType
FNDA:1,(anonymous_12)
FNDA:126,(anonymous_13)
FNDA:1,(anonymous_14)
FNDA:0,(anonymous_15)
FNDA:0,(anonymous_16)
FNDA:0,(anonymous_17)
FNDA:0,(anonymous_18)
FNDA:0,(anonymous_19)
FNDA:0,(anonymous_20)
FNDA:0,(anonymous_21)
DA:29,1
DA:32,1
DA:34,1
DA:35,1
DA:42,1
DA:43,135
DA:45,94
DA:47,15
DA:49,39
DA:52,14
DA:54,11
DA:57,16
DA:59,8
DA:61,5
DA:67,1
DA:73,192
DA:74,0
DA:79,192
DA:80,0
DA:90,1
DA:96,222
DA:97,0
DA:107,1
DA:108,1
DA:109,1
DA:115,126
DA:116,126
DA:117,0
DA:125,1
DA:126,126
DA:134,0
DA:141,0
DA:148,0
DA:155,0
DA:156,0
DA:157,0
DA:159,0
DA:166,0
DA:173,0
DA:174,0
DA:175,0
DA:178,0
DA:179,0
DA:182,0
DA:183,0
DA:184,0
DA:186,0
DA:187,0
DA:188,0
DA:189,0
DA:190,0
DA:191,0
DA:195,0
DA:196,0
DA:197,0
DA:198,0
DA:202,0
DA:209,1
LF:58
LH:27
BRDA:34,0,0,1
BRDA:34,0,1,0
BRDA:43,1,0,135
BRDA:43,1,1,121
BRDA:52,2,0,14
BRDA:52,2,1,14
BRDA:52,2,2,14
BRDA:57,3,0,16
BRDA:57,3,1,16
BRDA:73,4,0,0
BRDA:79,5,0,0
BRDA:79,6,0,192
BRDA:79,6,1,184
BRDA:96,7,0,0
BRDA:116,8,0,0
BRDA:174,9,0,0
BRDA:179,10,0,0
BRDA:179,10,1,0
BRDA:186,11,0,0
BRDA:189,12,0,0
BRDA:189,12,1,0
BRDA:190,13,0,0
BRDA:190,13,1,0
BRDA:195,14,0,0
BRDA:195,15,0,0
BRDA:195,15,1,0
BRF:26
BRH:10
end_of_record
TN:
SF:src/sk8script/stdlib/string.ts
FN:13,(anonymous_0)
FN:27,(anonymous_1)
FN:47,(anonymous_2)
FN:59,(anonymous_3)
FN:71,(anonymous_4)
FN:80,(anonymous_5)
FN:89,(anonymous_6)
FN:99,(anonymous_7)
FN:109,(anonymous_8)
FN:118,(anonymous_9)
FN:127,(anonymous_10)
FN:136,(anonymous_11)
FN:147,(anonymous_12)
FN:158,(anonymous_13)
FN:173,(anonymous_14)
FN:188,(anonymous_15)
FN:199,(anonymous_16)
FN:209,(anonymous_17)
FN:219,(anonymous_18)
FN:229,(anonymous_19)
FN:243,(anonymous_20)
FN:257,(anonymous_21)
FNF:22
FNH:22
FNDA:5,(anonymous_0)
FNDA:3,(anonymous_1)
FNDA:3,(anonymous_2)
FNDA:2,(anonymous_3)
FNDA:2,(anonymous_4)
FNDA:2,(anonymous_5)
FNDA:2,(anonymous_6)
FNDA:2,(anonymous_7)
FNDA:2,(anonymous_8)
FNDA:1,(anonymous_9)
FNDA:1,(anonymous_10)
FNDA:1,(anonymous_11)
FNDA:1,(anonymous_12)
FNDA:2,(anonymous_13)
FNDA:2,(anonymous_14)
FNDA:1,(anonymous_15)
FNDA:2,(anonymous_16)
FNDA:2,(anonymous_17)
FNDA:2,(anonymous_18)
FNDA:2,(anonymous_19)
FNDA:2,(anonymous_20)
FNDA:2,(anonymous_21)
DA:7,1
DA:13,1
DA:14,5
DA:15,5
DA:16,3
DA:18,2
DA:19,2
DA:21,0
DA:27,1
DA:28,3
DA:29,3
DA:30,3
DA:32,3
DA:33,3
DA:35,3
DA:36,2
DA:37,2
DA:38,2
DA:41,1
DA:47,1
DA:48,3
DA:49,3
DA:50,3
DA:52,3
DA:53,3
DA:59,1
DA:60,2
DA:61,2
DA:62,2
DA:64,2
DA:65,2
DA:71,1
DA:72,2
DA:73,2
DA:74,2
DA:80,1
DA:81,2
DA:82,2
DA:83,2
DA:89,1
DA:90,2
DA:91,2
DA:92,2
DA:93,2
DA:99,1
DA:100,2
DA:101,2
DA:102,2
DA:103,2
DA:109,1
DA:110,2
DA:111,2
DA:112,2
DA:118,1
DA:119,1
DA:120,1
DA:121,1
DA:127,1
DA:128,1
DA:129,1
DA:130,1
DA:136,1
DA:137,1
DA:138,1
DA:139,1
DA:140,1
DA:141,1
DA:147,1
DA:148,1
DA:149,1
DA:150,1
DA:151,1
DA:152,1
DA:158,1
DA:159,2
DA:160,2
DA:161,2
DA:163,2
DA:164,2
DA:165,0
DA:167,2
DA:173,1
DA:174,2
DA:175,2
DA:176,2
DA:178,2
DA:179,2
DA:180,0
DA:182,2
DA:188,1
DA:189,1
DA:190,1
DA:191,3
DA:193,1
DA:199,1
DA:200,2
DA:201,2
DA:202,2
DA:203,2
DA:209,1
DA:210,2
DA:211,2
DA:212,2
DA:213,2
DA:219,1
DA:220,2
DA:221,2
DA:222,2
DA:223,2
DA:229,1
DA:230,2
DA:231,2
DA:232,2
DA:234,2
DA:235,0
DA:237,2
DA:243,1
DA:244,2
DA:245,2
DA:246,2
DA:248,2
DA:249,2
DA:251,2
DA:257,1
DA:258,2
DA:259,2
DA:260,2
DA:262,2
DA:263,2
DA:265,2
DA:271,1
LF:131
LH:127
BRDA:15,0,0,3
BRDA:18,1,0,2
BRDA:35,2,0,2
BRDA:53,3,0,1
BRDA:53,3,1,2
BRDA:65,4,0,0
BRDA:65,4,1,2
BRDA:164,5,0,0
BRDA:164,6,0,2
BRDA:164,6,1,2
BRDA:179,7,0,0
BRDA:179,8,0,2
BRDA:179,8,1,2
BRDA:234,9,0,0
BRDA:248,10,0,2
BRDA:248,10,1,0
BRDA:262,11,0,2
BRDA:262,11,1,0
BRF:18
BRH:12
end_of_record
TN:
SF:src/sk8script/stdlib/types.ts
FN:13,(anonymous_0)
FN:21,(anonymous_1)
FN:29,(anonymous_2)
FN:37,(anonymous_3)
FN:45,(anonymous_4)
FN:53,(anonymous_5)
FN:61,(anonymous_6)
FN:69,(anonymous_7)
FN:77,(anonymous_8)
FN:85,(anonymous_9)
FN:104,(anonymous_10)
FN:122,(anonymous_11)
FN:143,(anonymous_12)
FN:159,(anonymous_13)
FN:178,(anonymous_14)
FN:201,(anonymous_15)
FN:223,(anonymous_16)
FNF:17
FNH:14
FNDA:2,(anonymous_0)
FNDA:2,(anonymous_1)
FNDA:2,(anonymous_2)
FNDA:2,(anonymous_3)
FNDA:2,(anonymous_4)
FNDA:0,(anonymous_5)
FNDA:2,(anonymous_6)
FNDA:0,(anonymous_7)
FNDA:0,(anonymous_8)
FNDA:6,(anonymous_9)
FNDA:3,(anonymous_10)
FNDA:3,(anonymous_11)
FNDA:4,(anonymous_12)
FNDA:1,(anonymous_13)
FNDA:1,(anonymous_14)
FNDA:2,(anonymous_15)
FNDA:1,(anonymous_16)
DA:7,1
DA:13,1
DA:14,2
DA:15,2
DA:21,1
DA:22,2
DA:23,2
DA:29,1
DA:30,2
DA:31,2
DA:37,1
DA:38,2
DA:39,2
DA:45,1
DA:46,2
DA:47,2
DA:53,1
DA:54,0
DA:55,0
DA:61,1
DA:62,2
DA:63,2
DA:69,1
DA:70,0
DA:71,0
DA:77,1
DA:78,0
DA:79,0
DA:85,1
DA:86,6
DA:87,6
DA:89,6
DA:90,5
DA:91,5
DA:92,4
DA:93,3
DA:94,2
DA:95,1
DA:96,1
DA:98,0
DA:104,1
DA:105,3
DA:106,3
DA:108,3
DA:109,2
DA:110,2
DA:111,2
DA:112,1
DA:113,0
DA:114,0
DA:116,0
DA:122,1
DA:123,3
DA:124,3
DA:126,3
DA:127,3
DA:128,1
DA:129,1
DA:130,0
DA:132,1
DA:134,2
DA:135,0
DA:137,0
DA:143,1
DA:144,4
DA:145,4
DA:147,4
DA:148,4
DA:149,4
DA:150,2
DA:151,0
DA:153,0
DA:159,1
DA:160,1
DA:161,1
DA:162,0
DA:165,1
DA:166,1
DA:168,0
DA:178,1
DA:179,1
DA:181,1
DA:182,1
DA:184,1
DA:185,0
DA:188,1
DA:189,1
DA:191,0
DA:201,1
DA:202,2
DA:203,2
DA:204,0
DA:207,2
DA:208,2
DA:209,0
DA:212,2
DA:213,2
DA:214,0
DA:217,2
DA:223,1
DA:224,1
DA:225,1
DA:226,0
DA:229,1
DA:230,1
DA:231,0
DA:234,1
DA:240,1
LF:108
LH:84
BRDA:89,0,0,1
BRDA:90,1,0,0
BRDA:91,2,0,1
BRDA:92,3,0,1
BRDA:93,4,0,1
BRDA:94,5,0,1
BRDA:95,6,0,0
BRDA:96,7,0,1
BRDA:108,8,0,1
BRDA:109,9,0,0
BRDA:110,10,0,0
BRDA:111,11,0,1
BRDA:112,12,0,1
BRDA:112,13,0,1
BRDA:112,13,1,0
BRDA:113,14,0,0
BRDA:114,15,0,0
BRDA:126,16,0,0
BRDA:127,17,0,1
BRDA:129,18,0,0
BRDA:134,19,0,2
BRDA:134,20,0,1
BRDA:134,20,1,1
BRDA:135,21,0,0
BRDA:147,22,0,0
BRDA:148,23,0,0
BRDA:148,24,0,4
BRDA:148,24,1,4
BRDA:149,25,0,2
BRDA:150,26,0,2
BRDA:151,27,0,0
BRDA:161,28,0,0
BRDA:169,29,0,0
BRDA:169,29,1,0
BRDA:182,30,0,0
BRDA:182,30,1,1
BRDA:184,31,0,0
BRDA:184,32,0,1
BRDA:184,32,1,0
BRDA:192,33,0,0
BRDA:192,33,1,0
BRDA:203,34,0,0
BRDA:203,35,0,2
BRDA:203,35,1,0
BRDA:207,36,0,1
BRDA:207,36,1,1
BRDA:208,37,0,0
BRDA:213,38,0,0
BRDA:225,39,0,0
BRDA:225,40,0,1
BRDA:225,40,1,0
BRDA:230,41,0,0
BRF:52
BRH:24
end_of_record
